{"/Users/andreuhuguet/Documents/create-openfort/packages/create-openfort/build.js": {"path":"/Users/andreuhuguet/Documents/create-openfort/packages/create-openfort/build.js","all":true,"statementMap":{"0":{"start":{"line":1,"column":0},"end":{"line":1,"column":25}},"2":{"start":{"line":3,"column":0},"end":{"line":3,"column":70}},"4":{"start":{"line":5,"column":0},"end":{"line":5,"column":66}},"6":{"start":{"line":7,"column":0},"end":{"line":7,"column":57}},"7":{"start":{"line":8,"column":0},"end":{"line":8,"column":31}},"8":{"start":{"line":9,"column":0},"end":{"line":9,"column":45}},"9":{"start":{"line":10,"column":0},"end":{"line":10,"column":46}},"10":{"start":{"line":11,"column":0},"end":{"line":11,"column":2}},"11":{"start":{"line":12,"column":0},"end":{"line":12,"column":71}},"13":{"start":{"line":14,"column":0},"end":{"line":14,"column":63}}},"s":{"0":0,"2":0,"4":0,"6":0,"7":0,"8":0,"9":0,"10":0,"11":0,"13":0},"branchMap":{"0":{"type":"branch","line":1,"loc":{"start":{"line":1,"column":0},"end":{"line":14,"column":-56}},"locations":[{"start":{"line":1,"column":0},"end":{"line":14,"column":-56}}]}},"b":{"0":[0]},"fnMap":{"0":{"name":"(empty-report)","decl":{"start":{"line":1,"column":0},"end":{"line":14,"column":-56}},"loc":{"start":{"line":1,"column":0},"end":{"line":14,"column":-56}},"line":1}},"f":{"0":0}}
,"/Users/andreuhuguet/Documents/create-openfort/packages/create-openfort/index.js": {"path":"/Users/andreuhuguet/Documents/create-openfort/packages/create-openfort/index.js","all":true,"statementMap":{"0":{"start":{"line":1,"column":0},"end":{"line":1,"column":19}},"2":{"start":{"line":3,"column":0},"end":{"line":3,"column":25}}},"s":{"0":0,"2":0},"branchMap":{"0":{"type":"branch","line":1,"loc":{"start":{"line":1,"column":0},"end":{"line":3,"column":25}},"locations":[{"start":{"line":1,"column":0},"end":{"line":3,"column":25}}]}},"b":{"0":[0]},"fnMap":{"0":{"name":"(empty-report)","decl":{"start":{"line":1,"column":0},"end":{"line":3,"column":25}},"loc":{"start":{"line":1,"column":0},"end":{"line":3,"column":25}},"line":1}},"f":{"0":0}}
,"/Users/andreuhuguet/Documents/create-openfort/packages/create-openfort/src/index.ts": {"path":"/Users/andreuhuguet/Documents/create-openfort/packages/create-openfort/src/index.ts","all":true,"statementMap":{"1":{"start":{"line":2,"column":0},"end":{"line":2,"column":21}},"2":{"start":{"line":3,"column":0},"end":{"line":3,"column":85}},"3":{"start":{"line":4,"column":0},"end":{"line":4,"column":43}},"4":{"start":{"line":5,"column":0},"end":{"line":5,"column":63}},"5":{"start":{"line":6,"column":0},"end":{"line":6,"column":39}},"10":{"start":{"line":11,"column":0},"end":{"line":11,"column":18}},"22":{"start":{"line":23,"column":0},"end":{"line":23,"column":27}},"23":{"start":{"line":24,"column":0},"end":{"line":24,"column":10}},"24":{"start":{"line":25,"column":0},"end":{"line":25,"column":14}},"25":{"start":{"line":26,"column":0},"end":{"line":26,"column":18}},"26":{"start":{"line":27,"column":0},"end":{"line":27,"column":19}},"27":{"start":{"line":28,"column":0},"end":{"line":28,"column":17}},"28":{"start":{"line":29,"column":0},"end":{"line":29,"column":17}},"29":{"start":{"line":30,"column":0},"end":{"line":30,"column":17}},"30":{"start":{"line":31,"column":0},"end":{"line":31,"column":4}},"31":{"start":{"line":32,"column":0},"end":{"line":32,"column":12}},"32":{"start":{"line":33,"column":0},"end":{"line":33,"column":11}},"33":{"start":{"line":34,"column":0},"end":{"line":34,"column":16}},"34":{"start":{"line":35,"column":0},"end":{"line":35,"column":14}},"35":{"start":{"line":36,"column":0},"end":{"line":36,"column":15}},"36":{"start":{"line":37,"column":0},"end":{"line":37,"column":14}},"37":{"start":{"line":38,"column":0},"end":{"line":38,"column":20}},"38":{"start":{"line":39,"column":0},"end":{"line":39,"column":4}},"39":{"start":{"line":40,"column":0},"end":{"line":40,"column":11}},"40":{"start":{"line":41,"column":0},"end":{"line":41,"column":16}},"41":{"start":{"line":42,"column":0},"end":{"line":42,"column":15}},"42":{"start":{"line":43,"column":0},"end":{"line":43,"column":4}},"43":{"start":{"line":44,"column":0},"end":{"line":44,"column":12}},"44":{"start":{"line":45,"column":0},"end":{"line":45,"column":24}},"45":{"start":{"line":46,"column":0},"end":{"line":46,"column":21}},"46":{"start":{"line":47,"column":0},"end":{"line":47,"column":19}},"47":{"start":{"line":48,"column":0},"end":{"line":48,"column":19}},"48":{"start":{"line":49,"column":0},"end":{"line":49,"column":19}},"49":{"start":{"line":50,"column":0},"end":{"line":50,"column":21}},"50":{"start":{"line":51,"column":0},"end":{"line":51,"column":19}},"51":{"start":{"line":52,"column":0},"end":{"line":52,"column":20}},"52":{"start":{"line":53,"column":0},"end":{"line":53,"column":27}},"53":{"start":{"line":54,"column":0},"end":{"line":54,"column":4}},"54":{"start":{"line":55,"column":0},"end":{"line":55,"column":2}},"57":{"start":{"line":58,"column":0},"end":{"line":58,"column":22}},"75":{"start":{"line":76,"column":0},"end":{"line":76,"column":43}},"76":{"start":{"line":77,"column":0},"end":{"line":77,"column":90}},"78":{"start":{"line":79,"column":0},"end":{"line":79,"column":60}},"80":{"start":{"line":81,"column":0},"end":{"line":81,"column":23}},"81":{"start":{"line":82,"column":0},"end":{"line":82,"column":32}},"82":{"start":{"line":83,"column":0},"end":{"line":83,"column":40}},"83":{"start":{"line":84,"column":0},"end":{"line":84,"column":15}},"84":{"start":{"line":85,"column":0},"end":{"line":85,"column":35}},"85":{"start":{"line":86,"column":0},"end":{"line":86,"column":37}},"86":{"start":{"line":87,"column":0},"end":{"line":87,"column":34}},"87":{"start":{"line":88,"column":0},"end":{"line":88,"column":36}},"88":{"start":{"line":89,"column":0},"end":{"line":89,"column":117}},"90":{"start":{"line":91,"column":0},"end":{"line":91,"column":59}},"92":{"start":{"line":93,"column":0},"end":{"line":93,"column":47}},"96":{"start":{"line":97,"column":0},"end":{"line":97,"column":30}},"97":{"start":{"line":98,"column":0},"end":{"line":98,"column":16}},"98":{"start":{"line":99,"column":0},"end":{"line":99,"column":58}},"99":{"start":{"line":100,"column":0},"end":{"line":100,"column":10}},"100":{"start":{"line":101,"column":0},"end":{"line":101,"column":3}},"102":{"start":{"line":103,"column":0},"end":{"line":103,"column":18}},"103":{"start":{"line":104,"column":0},"end":{"line":104,"column":22}},"104":{"start":{"line":105,"column":0},"end":{"line":105,"column":5}},"106":{"start":{"line":107,"column":0},"end":{"line":107,"column":19}},"108":{"start":{"line":109,"column":0},"end":{"line":109,"column":24}},"109":{"start":{"line":110,"column":0},"end":{"line":110,"column":13}},"110":{"start":{"line":111,"column":0},"end":{"line":111,"column":28}},"111":{"start":{"line":112,"column":0},"end":{"line":112,"column":10}},"112":{"start":{"line":113,"column":0},"end":{"line":113,"column":3}},"114":{"start":{"line":115,"column":0},"end":{"line":115,"column":55}},"116":{"start":{"line":117,"column":0},"end":{"line":117,"column":18}},"117":{"start":{"line":118,"column":0},"end":{"line":118,"column":47}},"118":{"start":{"line":119,"column":0},"end":{"line":119,"column":63}},"124":{"start":{"line":125,"column":0},"end":{"line":125,"column":3}},"126":{"start":{"line":127,"column":0},"end":{"line":127,"column":18}},"127":{"start":{"line":128,"column":0},"end":{"line":128,"column":76}},"128":{"start":{"line":129,"column":0},"end":{"line":129,"column":3}},"130":{"start":{"line":131,"column":0},"end":{"line":131,"column":16}},"131":{"start":{"line":132,"column":0},"end":{"line":132,"column":119}},"133":{"start":{"line":134,"column":0},"end":{"line":134,"column":26}},"134":{"start":{"line":135,"column":0},"end":{"line":135,"column":17}},"135":{"start":{"line":136,"column":0},"end":{"line":136,"column":17}},"136":{"start":{"line":137,"column":0},"end":{"line":137,"column":21}},"137":{"start":{"line":138,"column":0},"end":{"line":138,"column":4}},"139":{"start":{"line":140,"column":0},"end":{"line":140,"column":48}},"141":{"start":{"line":142,"column":0},"end":{"line":142,"column":33}},"142":{"start":{"line":143,"column":0},"end":{"line":143,"column":68}},"143":{"start":{"line":144,"column":0},"end":{"line":144,"column":3}},"145":{"start":{"line":146,"column":0},"end":{"line":146,"column":41}},"146":{"start":{"line":147,"column":0},"end":{"line":147,"column":29}},"147":{"start":{"line":148,"column":0},"end":{"line":148,"column":4}},"148":{"start":{"line":149,"column":0},"end":{"line":149,"column":42}},"150":{"start":{"line":151,"column":0},"end":{"line":151,"column":48}},"151":{"start":{"line":152,"column":0},"end":{"line":152,"column":46}},"153":{"start":{"line":154,"column":0},"end":{"line":154,"column":36}},"155":{"start":{"line":156,"column":0},"end":{"line":156,"column":29}},"157":{"start":{"line":158,"column":0},"end":{"line":158,"column":47}},"158":{"start":{"line":159,"column":0},"end":{"line":159,"column":12}},"159":{"start":{"line":160,"column":0},"end":{"line":160,"column":30}},"160":{"start":{"line":161,"column":0},"end":{"line":161,"column":83}},"161":{"start":{"line":162,"column":0},"end":{"line":162,"column":18}},"162":{"start":{"line":163,"column":0},"end":{"line":163,"column":11}},"163":{"start":{"line":164,"column":0},"end":{"line":164,"column":24}},"164":{"start":{"line":165,"column":0},"end":{"line":165,"column":25}},"165":{"start":{"line":166,"column":0},"end":{"line":166,"column":43}},"166":{"start":{"line":167,"column":0},"end":{"line":167,"column":12}},"167":{"start":{"line":168,"column":0},"end":{"line":168,"column":11}},"168":{"start":{"line":169,"column":0},"end":{"line":169,"column":25}},"169":{"start":{"line":170,"column":0},"end":{"line":170,"column":24}},"170":{"start":{"line":171,"column":0},"end":{"line":171,"column":80}},"171":{"start":{"line":172,"column":0},"end":{"line":172,"column":12}},"172":{"start":{"line":173,"column":0},"end":{"line":173,"column":10}},"173":{"start":{"line":174,"column":0},"end":{"line":174,"column":8}},"174":{"start":{"line":175,"column":0},"end":{"line":175,"column":63}},"176":{"start":{"line":177,"column":0},"end":{"line":177,"column":32}},"177":{"start":{"line":178,"column":0},"end":{"line":178,"column":43}},"178":{"start":{"line":179,"column":0},"end":{"line":179,"column":82}},"179":{"start":{"line":180,"column":0},"end":{"line":180,"column":18}},"180":{"start":{"line":181,"column":0},"end":{"line":181,"column":11}},"181":{"start":{"line":182,"column":0},"end":{"line":182,"column":24}},"182":{"start":{"line":183,"column":0},"end":{"line":183,"column":24}},"183":{"start":{"line":184,"column":0},"end":{"line":184,"column":60}},"184":{"start":{"line":185,"column":0},"end":{"line":185,"column":12}},"185":{"start":{"line":186,"column":0},"end":{"line":186,"column":11}},"186":{"start":{"line":187,"column":0},"end":{"line":187,"column":25}},"187":{"start":{"line":188,"column":0},"end":{"line":188,"column":25}},"188":{"start":{"line":189,"column":0},"end":{"line":189,"column":89}},"189":{"start":{"line":190,"column":0},"end":{"line":190,"column":12}},"190":{"start":{"line":191,"column":0},"end":{"line":191,"column":10}},"191":{"start":{"line":192,"column":0},"end":{"line":192,"column":8}},"192":{"start":{"line":193,"column":0},"end":{"line":193,"column":50}},"193":{"start":{"line":194,"column":0},"end":{"line":194,"column":28}},"195":{"start":{"line":196,"column":0},"end":{"line":196,"column":32}},"196":{"start":{"line":197,"column":0},"end":{"line":197,"column":22}},"197":{"start":{"line":198,"column":0},"end":{"line":198,"column":22}},"198":{"start":{"line":199,"column":0},"end":{"line":199,"column":54}},"199":{"start":{"line":200,"column":0},"end":{"line":200,"column":35}},"200":{"start":{"line":201,"column":0},"end":{"line":201,"column":79}},"201":{"start":{"line":202,"column":0},"end":{"line":202,"column":85}},"202":{"start":{"line":203,"column":0},"end":{"line":203,"column":87}},"203":{"start":{"line":204,"column":0},"end":{"line":204,"column":32}},"204":{"start":{"line":205,"column":0},"end":{"line":205,"column":34}},"205":{"start":{"line":206,"column":0},"end":{"line":206,"column":25}},"206":{"start":{"line":207,"column":0},"end":{"line":207,"column":47}},"207":{"start":{"line":208,"column":0},"end":{"line":208,"column":13}},"208":{"start":{"line":209,"column":0},"end":{"line":209,"column":11}},"209":{"start":{"line":210,"column":0},"end":{"line":210,"column":10}},"210":{"start":{"line":211,"column":0},"end":{"line":211,"column":63}},"211":{"start":{"line":212,"column":0},"end":{"line":212,"column":39}},"213":{"start":{"line":214,"column":0},"end":{"line":214,"column":34}},"214":{"start":{"line":215,"column":0},"end":{"line":215,"column":25}},"215":{"start":{"line":216,"column":0},"end":{"line":216,"column":20}},"216":{"start":{"line":217,"column":0},"end":{"line":217,"column":47}},"217":{"start":{"line":218,"column":0},"end":{"line":218,"column":12}},"218":{"start":{"line":219,"column":0},"end":{"line":219,"column":10}},"219":{"start":{"line":220,"column":0},"end":{"line":220,"column":46}},"220":{"start":{"line":221,"column":0},"end":{"line":221,"column":27}},"221":{"start":{"line":222,"column":0},"end":{"line":222,"column":31}},"222":{"start":{"line":223,"column":0},"end":{"line":223,"column":26}},"223":{"start":{"line":224,"column":0},"end":{"line":224,"column":20}},"224":{"start":{"line":225,"column":0},"end":{"line":225,"column":54}},"232":{"start":{"line":233,"column":0},"end":{"line":233,"column":32}},"233":{"start":{"line":234,"column":0},"end":{"line":234,"column":2}},"234":{"start":{"line":235,"column":0},"end":{"line":235,"column":13}},"235":{"start":{"line":236,"column":0},"end":{"line":236,"column":31}},"236":{"start":{"line":237,"column":0},"end":{"line":237,"column":117}},"237":{"start":{"line":238,"column":0},"end":{"line":238,"column":12}},"239":{"start":{"line":240,"column":0},"end":{"line":240,"column":24}},"240":{"start":{"line":241,"column":0},"end":{"line":241,"column":22}},"241":{"start":{"line":242,"column":0},"end":{"line":242,"column":9}},"243":{"start":{"line":244,"column":0},"end":{"line":244,"column":19}},"244":{"start":{"line":245,"column":0},"end":{"line":245,"column":7}},"245":{"start":{"line":246,"column":0},"end":{"line":246,"column":5}},"246":{"start":{"line":247,"column":0},"end":{"line":247,"column":3}},"249":{"start":{"line":250,"column":0},"end":{"line":250,"column":31}},"251":{"start":{"line":252,"column":0},"end":{"line":252,"column":35}},"252":{"start":{"line":253,"column":0},"end":{"line":253,"column":62}},"253":{"start":{"line":254,"column":0},"end":{"line":254,"column":33}},"254":{"start":{"line":255,"column":0},"end":{"line":255,"column":16}},"255":{"start":{"line":256,"column":0},"end":{"line":256,"column":9}},"256":{"start":{"line":257,"column":0},"end":{"line":257,"column":24}},"257":{"start":{"line":258,"column":0},"end":{"line":258,"column":27}},"258":{"start":{"line":259,"column":0},"end":{"line":259,"column":22}},"259":{"start":{"line":260,"column":0},"end":{"line":260,"column":10}},"260":{"start":{"line":261,"column":0},"end":{"line":261,"column":9}},"261":{"start":{"line":262,"column":0},"end":{"line":262,"column":28}},"262":{"start":{"line":263,"column":0},"end":{"line":263,"column":28}},"263":{"start":{"line":264,"column":0},"end":{"line":264,"column":10}},"264":{"start":{"line":265,"column":0},"end":{"line":265,"column":9}},"265":{"start":{"line":266,"column":0},"end":{"line":266,"column":27}},"266":{"start":{"line":267,"column":0},"end":{"line":267,"column":27}},"267":{"start":{"line":268,"column":0},"end":{"line":268,"column":10}},"268":{"start":{"line":269,"column":0},"end":{"line":269,"column":9}},"269":{"start":{"line":270,"column":0},"end":{"line":270,"column":24}},"270":{"start":{"line":271,"column":0},"end":{"line":271,"column":24}},"271":{"start":{"line":272,"column":0},"end":{"line":272,"column":10}},"272":{"start":{"line":273,"column":0},"end":{"line":273,"column":9}},"273":{"start":{"line":274,"column":0},"end":{"line":274,"column":25}},"274":{"start":{"line":275,"column":0},"end":{"line":275,"column":25}},"275":{"start":{"line":276,"column":0},"end":{"line":276,"column":10}},"276":{"start":{"line":277,"column":0},"end":{"line":277,"column":9}},"277":{"start":{"line":278,"column":0},"end":{"line":278,"column":27}},"278":{"start":{"line":279,"column":0},"end":{"line":279,"column":27}},"279":{"start":{"line":280,"column":0},"end":{"line":280,"column":10}},"280":{"start":{"line":281,"column":0},"end":{"line":281,"column":9}},"281":{"start":{"line":282,"column":0},"end":{"line":282,"column":25}},"282":{"start":{"line":283,"column":0},"end":{"line":283,"column":25}},"283":{"start":{"line":284,"column":0},"end":{"line":284,"column":10}},"284":{"start":{"line":285,"column":0},"end":{"line":285,"column":9}},"285":{"start":{"line":286,"column":0},"end":{"line":286,"column":25}},"286":{"start":{"line":287,"column":0},"end":{"line":287,"column":25}},"287":{"start":{"line":288,"column":0},"end":{"line":288,"column":10}},"288":{"start":{"line":289,"column":0},"end":{"line":289,"column":8}},"289":{"start":{"line":290,"column":0},"end":{"line":290,"column":7}},"290":{"start":{"line":291,"column":0},"end":{"line":291,"column":54}},"291":{"start":{"line":292,"column":0},"end":{"line":292,"column":33}},"292":{"start":{"line":293,"column":0},"end":{"line":293,"column":3}},"295":{"start":{"line":296,"column":0},"end":{"line":296,"column":171}},"300":{"start":{"line":301,"column":0},"end":{"line":301,"column":87}},"301":{"start":{"line":302,"column":0},"end":{"line":302,"column":52}},"302":{"start":{"line":303,"column":0},"end":{"line":303,"column":51}},"303":{"start":{"line":304,"column":0},"end":{"line":304,"column":51}},"304":{"start":{"line":305,"column":0},"end":{"line":305,"column":55}},"305":{"start":{"line":306,"column":0},"end":{"line":306,"column":46}},"307":{"start":{"line":308,"column":0},"end":{"line":308,"column":75}},"308":{"start":{"line":309,"column":0},"end":{"line":309,"column":26}},"309":{"start":{"line":310,"column":0},"end":{"line":310,"column":30}},"310":{"start":{"line":311,"column":0},"end":{"line":311,"column":17}},"311":{"start":{"line":312,"column":0},"end":{"line":312,"column":34}},"312":{"start":{"line":313,"column":0},"end":{"line":313,"column":38}},"313":{"start":{"line":314,"column":0},"end":{"line":314,"column":33}},"314":{"start":{"line":315,"column":0},"end":{"line":315,"column":5}},"315":{"start":{"line":316,"column":0},"end":{"line":316,"column":3}},"318":{"start":{"line":319,"column":0},"end":{"line":319,"column":45}},"319":{"start":{"line":320,"column":0},"end":{"line":320,"column":47}},"320":{"start":{"line":321,"column":0},"end":{"line":321,"column":43}},"321":{"start":{"line":322,"column":0},"end":{"line":322,"column":27}},"322":{"start":{"line":323,"column":0},"end":{"line":323,"column":84}},"323":{"start":{"line":324,"column":0},"end":{"line":324,"column":6}},"324":{"start":{"line":325,"column":0},"end":{"line":325,"column":56}},"325":{"start":{"line":326,"column":0},"end":{"line":326,"column":25}},"326":{"start":{"line":327,"column":0},"end":{"line":327,"column":3}},"328":{"start":{"line":329,"column":0},"end":{"line":329,"column":45}},"329":{"start":{"line":330,"column":0},"end":{"line":330,"column":53}},"330":{"start":{"line":331,"column":0},"end":{"line":331,"column":34}},"331":{"start":{"line":332,"column":0},"end":{"line":332,"column":28}},"332":{"start":{"line":333,"column":0},"end":{"line":333,"column":79}},"333":{"start":{"line":334,"column":0},"end":{"line":334,"column":6}},"334":{"start":{"line":335,"column":0},"end":{"line":335,"column":62}},"335":{"start":{"line":336,"column":0},"end":{"line":336,"column":31}},"336":{"start":{"line":337,"column":0},"end":{"line":337,"column":3}},"338":{"start":{"line":339,"column":0},"end":{"line":339,"column":48}},"339":{"start":{"line":340,"column":0},"end":{"line":340,"column":39}},"340":{"start":{"line":341,"column":0},"end":{"line":341,"column":41}},"341":{"start":{"line":342,"column":0},"end":{"line":342,"column":49}},"342":{"start":{"line":343,"column":0},"end":{"line":343,"column":86}},"343":{"start":{"line":344,"column":0},"end":{"line":344,"column":6}},"344":{"start":{"line":345,"column":0},"end":{"line":345,"column":48}},"345":{"start":{"line":346,"column":0},"end":{"line":346,"column":17}},"346":{"start":{"line":347,"column":0},"end":{"line":347,"column":3}},"348":{"start":{"line":349,"column":0},"end":{"line":349,"column":43}},"349":{"start":{"line":350,"column":0},"end":{"line":350,"column":51}},"350":{"start":{"line":351,"column":0},"end":{"line":351,"column":32}},"351":{"start":{"line":352,"column":0},"end":{"line":352,"column":40}},"352":{"start":{"line":353,"column":0},"end":{"line":353,"column":81}},"353":{"start":{"line":354,"column":0},"end":{"line":354,"column":6}},"354":{"start":{"line":355,"column":0},"end":{"line":355,"column":60}},"355":{"start":{"line":356,"column":0},"end":{"line":356,"column":29}},"356":{"start":{"line":357,"column":0},"end":{"line":357,"column":3}},"358":{"start":{"line":359,"column":0},"end":{"line":359,"column":52}},"359":{"start":{"line":360,"column":0},"end":{"line":360,"column":60}},"360":{"start":{"line":361,"column":0},"end":{"line":361,"column":42}},"361":{"start":{"line":362,"column":0},"end":{"line":362,"column":50}},"362":{"start":{"line":363,"column":0},"end":{"line":363,"column":89}},"363":{"start":{"line":364,"column":0},"end":{"line":364,"column":6}},"364":{"start":{"line":365,"column":0},"end":{"line":365,"column":69}},"365":{"start":{"line":366,"column":0},"end":{"line":366,"column":38}},"366":{"start":{"line":367,"column":0},"end":{"line":367,"column":3}},"368":{"start":{"line":369,"column":0},"end":{"line":369,"column":54}},"369":{"start":{"line":370,"column":0},"end":{"line":370,"column":38}},"371":{"start":{"line":372,"column":0},"end":{"line":372,"column":38}},"372":{"start":{"line":373,"column":0},"end":{"line":373,"column":32}},"373":{"start":{"line":374,"column":0},"end":{"line":374,"column":30}},"374":{"start":{"line":375,"column":0},"end":{"line":375,"column":39}},"376":{"start":{"line":377,"column":0},"end":{"line":377,"column":22}},"377":{"start":{"line":378,"column":0},"end":{"line":378,"column":50}},"379":{"start":{"line":380,"column":0},"end":{"line":380,"column":59}},"380":{"start":{"line":381,"column":0},"end":{"line":381,"column":64}},"381":{"start":{"line":382,"column":0},"end":{"line":382,"column":46}},"382":{"start":{"line":383,"column":0},"end":{"line":383,"column":10}},"384":{"start":{"line":385,"column":0},"end":{"line":385,"column":59}},"385":{"start":{"line":386,"column":0},"end":{"line":386,"column":3}},"387":{"start":{"line":388,"column":0},"end":{"line":388,"column":16}},"388":{"start":{"line":389,"column":0},"end":{"line":389,"column":51}},"390":{"start":{"line":391,"column":0},"end":{"line":391,"column":67}},"392":{"start":{"line":393,"column":0},"end":{"line":393,"column":22}},"393":{"start":{"line":394,"column":0},"end":{"line":394,"column":94}},"394":{"start":{"line":395,"column":0},"end":{"line":395,"column":111}},"395":{"start":{"line":396,"column":0},"end":{"line":396,"column":5}},"397":{"start":{"line":398,"column":0},"end":{"line":398,"column":37}},"398":{"start":{"line":399,"column":0},"end":{"line":399,"column":40}},"399":{"start":{"line":400,"column":0},"end":{"line":400,"column":36}},"400":{"start":{"line":401,"column":0},"end":{"line":401,"column":41}},"401":{"start":{"line":402,"column":0},"end":{"line":402,"column":51}},"402":{"start":{"line":403,"column":0},"end":{"line":403,"column":17}},"403":{"start":{"line":404,"column":0},"end":{"line":404,"column":6}},"404":{"start":{"line":405,"column":0},"end":{"line":405,"column":3}},"406":{"start":{"line":407,"column":0},"end":{"line":407,"column":94}},"408":{"start":{"line":409,"column":0},"end":{"line":409,"column":51}},"409":{"start":{"line":410,"column":0},"end":{"line":410,"column":49}},"410":{"start":{"line":411,"column":0},"end":{"line":411,"column":45}},"411":{"start":{"line":412,"column":0},"end":{"line":412,"column":86}},"412":{"start":{"line":413,"column":0},"end":{"line":413,"column":3}},"414":{"start":{"line":415,"column":0},"end":{"line":415,"column":14}},"415":{"start":{"line":416,"column":0},"end":{"line":416,"column":30}},"416":{"start":{"line":417,"column":0},"end":{"line":417,"column":3}},"418":{"start":{"line":419,"column":0},"end":{"line":419,"column":18}},"419":{"start":{"line":420,"column":0},"end":{"line":420,"column":24}},"420":{"start":{"line":421,"column":0},"end":{"line":421,"column":5}},"424":{"start":{"line":425,"column":0},"end":{"line":425,"column":25}},"427":{"start":{"line":428,"column":0},"end":{"line":428,"column":22}},"428":{"start":{"line":429,"column":0},"end":{"line":429,"column":1}},"430":{"start":{"line":431,"column":0},"end":{"line":431,"column":23}}},"s":{"1":0,"2":0,"3":0,"4":0,"5":0,"10":0,"22":0,"23":0,"24":0,"25":0,"26":0,"27":0,"28":0,"29":0,"30":0,"31":0,"32":0,"33":0,"34":0,"35":0,"36":0,"37":0,"38":0,"39":0,"40":0,"41":0,"42":0,"43":0,"44":0,"45":0,"46":0,"47":0,"48":0,"49":0,"50":0,"51":0,"52":0,"53":0,"54":0,"57":0,"75":0,"76":0,"78":0,"80":0,"81":0,"82":0,"83":0,"84":0,"85":0,"86":0,"87":0,"88":0,"90":0,"92":0,"96":0,"97":0,"98":0,"99":0,"100":0,"102":0,"103":0,"104":0,"106":0,"108":0,"109":0,"110":0,"111":0,"112":0,"114":0,"116":0,"117":0,"118":0,"124":0,"126":0,"127":0,"128":0,"130":0,"131":0,"133":0,"134":0,"135":0,"136":0,"137":0,"139":0,"141":0,"142":0,"143":0,"145":0,"146":0,"147":0,"148":0,"150":0,"151":0,"153":0,"155":0,"157":0,"158":0,"159":0,"160":0,"161":0,"162":0,"163":0,"164":0,"165":0,"166":0,"167":0,"168":0,"169":0,"170":0,"171":0,"172":0,"173":0,"174":0,"176":0,"177":0,"178":0,"179":0,"180":0,"181":0,"182":0,"183":0,"184":0,"185":0,"186":0,"187":0,"188":0,"189":0,"190":0,"191":0,"192":0,"193":0,"195":0,"196":0,"197":0,"198":0,"199":0,"200":0,"201":0,"202":0,"203":0,"204":0,"205":0,"206":0,"207":0,"208":0,"209":0,"210":0,"211":0,"213":0,"214":0,"215":0,"216":0,"217":0,"218":0,"219":0,"220":0,"221":0,"222":0,"223":0,"224":0,"232":0,"233":0,"234":0,"235":0,"236":0,"237":0,"239":0,"240":0,"241":0,"243":0,"244":0,"245":0,"246":0,"249":0,"251":0,"252":0,"253":0,"254":0,"255":0,"256":0,"257":0,"258":0,"259":0,"260":0,"261":0,"262":0,"263":0,"264":0,"265":0,"266":0,"267":0,"268":0,"269":0,"270":0,"271":0,"272":0,"273":0,"274":0,"275":0,"276":0,"277":0,"278":0,"279":0,"280":0,"281":0,"282":0,"283":0,"284":0,"285":0,"286":0,"287":0,"288":0,"289":0,"290":0,"291":0,"292":0,"295":0,"300":0,"301":0,"302":0,"303":0,"304":0,"305":0,"307":0,"308":0,"309":0,"310":0,"311":0,"312":0,"313":0,"314":0,"315":0,"318":0,"319":0,"320":0,"321":0,"322":0,"323":0,"324":0,"325":0,"326":0,"328":0,"329":0,"330":0,"331":0,"332":0,"333":0,"334":0,"335":0,"336":0,"338":0,"339":0,"340":0,"341":0,"342":0,"343":0,"344":0,"345":0,"346":0,"348":0,"349":0,"350":0,"351":0,"352":0,"353":0,"354":0,"355":0,"356":0,"358":0,"359":0,"360":0,"361":0,"362":0,"363":0,"364":0,"365":0,"366":0,"368":0,"369":0,"371":0,"372":0,"373":0,"374":0,"376":0,"377":0,"379":0,"380":0,"381":0,"382":0,"384":0,"385":0,"387":0,"388":0,"390":0,"392":0,"393":0,"394":0,"395":0,"397":0,"398":0,"399":0,"400":0,"401":0,"402":0,"403":0,"404":0,"406":0,"408":0,"409":0,"410":0,"411":0,"412":0,"414":0,"415":0,"416":0,"418":0,"419":0,"420":0,"424":0,"427":0,"428":0,"430":0},"branchMap":{"0":{"type":"branch","line":1,"loc":{"start":{"line":1,"column":45},"end":{"line":431,"column":-482}},"locations":[{"start":{"line":1,"column":45},"end":{"line":431,"column":-482}}]}},"b":{"0":[1]},"fnMap":{"0":{"name":"(empty-report)","decl":{"start":{"line":1,"column":45},"end":{"line":431,"column":-482}},"loc":{"start":{"line":1,"column":45},"end":{"line":431,"column":-482}},"line":1}},"f":{"0":1}}
,"/Users/andreuhuguet/Documents/create-openfort/packages/create-openfort/src/version.ts": {"path":"/Users/andreuhuguet/Documents/create-openfort/packages/create-openfort/src/version.ts","all":false,"statementMap":{"0":{"start":{"line":1,"column":0},"end":{"line":1,"column":36}}},"s":{"0":1},"branchMap":{},"b":{},"fnMap":{},"f":{}}
,"/Users/andreuhuguet/Documents/create-openfort/packages/create-openfort/src/cli/FileManager.ts": {"path":"/Users/andreuhuguet/Documents/create-openfort/packages/create-openfort/src/cli/FileManager.ts","all":false,"statementMap":{"0":{"start":{"line":1,"column":0},"end":{"line":1,"column":43}},"1":{"start":{"line":2,"column":0},"end":{"line":2,"column":25}},"2":{"start":{"line":3,"column":0},"end":{"line":3,"column":29}},"3":{"start":{"line":4,"column":0},"end":{"line":4,"column":36}},"4":{"start":{"line":5,"column":0},"end":{"line":5,"column":60}},"5":{"start":{"line":6,"column":0},"end":{"line":6,"column":40}},"6":{"start":{"line":7,"column":0},"end":{"line":7,"column":43}},"8":{"start":{"line":9,"column":0},"end":{"line":9,"column":57}},"9":{"start":{"line":10,"column":0},"end":{"line":10,"column":75}},"10":{"start":{"line":11,"column":0},"end":{"line":11,"column":16}},"11":{"start":{"line":12,"column":0},"end":{"line":12,"column":3}},"12":{"start":{"line":13,"column":0},"end":{"line":13,"column":1}},"14":{"start":{"line":15,"column":0},"end":{"line":15,"column":57}},"15":{"start":{"line":16,"column":0},"end":{"line":16,"column":20}},"16":{"start":{"line":17,"column":0},"end":{"line":17,"column":11}},"17":{"start":{"line":18,"column":0},"end":{"line":18,"column":18}},"18":{"start":{"line":19,"column":0},"end":{"line":19,"column":25}},"19":{"start":{"line":20,"column":0},"end":{"line":20,"column":25}},"20":{"start":{"line":21,"column":0},"end":{"line":21,"column":34}},"21":{"start":{"line":22,"column":0},"end":{"line":22,"column":1}},"23":{"start":{"line":24,"column":0},"end":{"line":24,"column":39}},"24":{"start":{"line":25,"column":0},"end":{"line":25,"column":36}},"25":{"start":{"line":26,"column":0},"end":{"line":26,"column":74}},"26":{"start":{"line":27,"column":0},"end":{"line":27,"column":1}},"28":{"start":{"line":29,"column":0},"end":{"line":29,"column":39}},"29":{"start":{"line":30,"column":0},"end":{"line":30,"column":28}},"30":{"start":{"line":31,"column":0},"end":{"line":31,"column":10}},"31":{"start":{"line":32,"column":0},"end":{"line":32,"column":3}},"32":{"start":{"line":33,"column":0},"end":{"line":33,"column":43}},"33":{"start":{"line":34,"column":0},"end":{"line":34,"column":26}},"34":{"start":{"line":35,"column":0},"end":{"line":35,"column":14}},"35":{"start":{"line":36,"column":0},"end":{"line":36,"column":5}},"36":{"start":{"line":37,"column":0},"end":{"line":37,"column":72}},"37":{"start":{"line":38,"column":0},"end":{"line":38,"column":3}},"38":{"start":{"line":39,"column":0},"end":{"line":39,"column":1}},"40":{"start":{"line":41,"column":0},"end":{"line":41,"column":107}},"41":{"start":{"line":42,"column":0},"end":{"line":42,"column":55}},"42":{"start":{"line":43,"column":0},"end":{"line":43,"column":18}},"43":{"start":{"line":44,"column":0},"end":{"line":44,"column":66}},"44":{"start":{"line":45,"column":0},"end":{"line":45,"column":5}},"46":{"start":{"line":47,"column":0},"end":{"line":47,"column":60}},"47":{"start":{"line":48,"column":0},"end":{"line":48,"column":18}},"48":{"start":{"line":49,"column":0},"end":{"line":49,"column":7}},"50":{"start":{"line":51,"column":0},"end":{"line":51,"column":39}},"51":{"start":{"line":52,"column":0},"end":{"line":52,"column":20}},"52":{"start":{"line":53,"column":0},"end":{"line":53,"column":63}},"53":{"start":{"line":54,"column":0},"end":{"line":54,"column":7}},"54":{"start":{"line":55,"column":0},"end":{"line":55,"column":7}},"56":{"start":{"line":57,"column":0},"end":{"line":57,"column":39}},"57":{"start":{"line":58,"column":0},"end":{"line":58,"column":20}},"58":{"start":{"line":59,"column":0},"end":{"line":59,"column":63}},"59":{"start":{"line":60,"column":0},"end":{"line":60,"column":7}},"60":{"start":{"line":61,"column":0},"end":{"line":61,"column":7}},"62":{"start":{"line":63,"column":0},"end":{"line":63,"column":36}},"65":{"start":{"line":66,"column":0},"end":{"line":66,"column":23}},"66":{"start":{"line":67,"column":0},"end":{"line":67,"column":52}},"67":{"start":{"line":68,"column":0},"end":{"line":68,"column":14}},"68":{"start":{"line":69,"column":0},"end":{"line":69,"column":62}},"69":{"start":{"line":70,"column":0},"end":{"line":70,"column":7}},"70":{"start":{"line":71,"column":0},"end":{"line":71,"column":7}},"72":{"start":{"line":73,"column":0},"end":{"line":73,"column":32}},"73":{"start":{"line":74,"column":0},"end":{"line":74,"column":35}},"74":{"start":{"line":75,"column":0},"end":{"line":75,"column":7}},"75":{"start":{"line":76,"column":0},"end":{"line":76,"column":5}},"76":{"start":{"line":77,"column":0},"end":{"line":77,"column":1}},"78":{"start":{"line":79,"column":0},"end":{"line":79,"column":86}},"79":{"start":{"line":80,"column":0},"end":{"line":80,"column":45}},"80":{"start":{"line":81,"column":0},"end":{"line":81,"column":46}},"81":{"start":{"line":82,"column":0},"end":{"line":82,"column":47}},"82":{"start":{"line":83,"column":0},"end":{"line":83,"column":49}},"84":{"start":{"line":85,"column":0},"end":{"line":85,"column":41}},"85":{"start":{"line":86,"column":0},"end":{"line":86,"column":3}},"86":{"start":{"line":87,"column":0},"end":{"line":87,"column":1}},"88":{"start":{"line":89,"column":0},"end":{"line":89,"column":77}},"89":{"start":{"line":90,"column":0},"end":{"line":90,"column":51}},"90":{"start":{"line":91,"column":0},"end":{"line":91,"column":11}},"91":{"start":{"line":92,"column":0},"end":{"line":92,"column":3}},"92":{"start":{"line":93,"column":0},"end":{"line":93,"column":32}},"93":{"start":{"line":94,"column":0},"end":{"line":94,"column":27}},"94":{"start":{"line":95,"column":0},"end":{"line":95,"column":36}},"95":{"start":{"line":96,"column":0},"end":{"line":96,"column":10}},"96":{"start":{"line":97,"column":0},"end":{"line":97,"column":31}},"97":{"start":{"line":98,"column":0},"end":{"line":98,"column":3}},"98":{"start":{"line":99,"column":0},"end":{"line":99,"column":1}},"100":{"start":{"line":101,"column":0},"end":{"line":101,"column":79}},"101":{"start":{"line":102,"column":0},"end":{"line":102,"column":48}},"102":{"start":{"line":103,"column":0},"end":{"line":103,"column":52}},"103":{"start":{"line":104,"column":0},"end":{"line":104,"column":1}},"105":{"start":{"line":106,"column":0},"end":{"line":106,"column":52}},"106":{"start":{"line":107,"column":0},"end":{"line":107,"column":46}},"107":{"start":{"line":108,"column":0},"end":{"line":108,"column":1}},"109":{"start":{"line":110,"column":0},"end":{"line":110,"column":26}},"110":{"start":{"line":111,"column":0},"end":{"line":111,"column":16}},"111":{"start":{"line":112,"column":0},"end":{"line":112,"column":30}},"112":{"start":{"line":113,"column":0},"end":{"line":113,"column":21}},"113":{"start":{"line":114,"column":0},"end":{"line":114,"column":23}},"114":{"start":{"line":115,"column":0},"end":{"line":115,"column":33}},"115":{"start":{"line":116,"column":0},"end":{"line":116,"column":19}},"116":{"start":{"line":117,"column":0},"end":{"line":117,"column":28}},"118":{"start":{"line":119,"column":0},"end":{"line":119,"column":17}},"120":{"start":{"line":121,"column":0},"end":{"line":121,"column":37}},"121":{"start":{"line":122,"column":0},"end":{"line":122,"column":49}},"123":{"start":{"line":124,"column":0},"end":{"line":124,"column":18}},"124":{"start":{"line":125,"column":0},"end":{"line":125,"column":93}},"126":{"start":{"line":127,"column":0},"end":{"line":127,"column":3}},"128":{"start":{"line":129,"column":0},"end":{"line":129,"column":14}},"129":{"start":{"line":130,"column":0},"end":{"line":130,"column":17}},"130":{"start":{"line":131,"column":0},"end":{"line":131,"column":17}},"131":{"start":{"line":132,"column":0},"end":{"line":132,"column":21}},"132":{"start":{"line":133,"column":0},"end":{"line":133,"column":6}},"136":{"start":{"line":137,"column":0},"end":{"line":137,"column":6}},"139":{"start":{"line":140,"column":0},"end":{"line":140,"column":23}},"140":{"start":{"line":141,"column":0},"end":{"line":141,"column":35}},"141":{"start":{"line":142,"column":0},"end":{"line":142,"column":60}},"142":{"start":{"line":143,"column":0},"end":{"line":143,"column":12}},"143":{"start":{"line":144,"column":0},"end":{"line":144,"column":46}},"144":{"start":{"line":145,"column":0},"end":{"line":145,"column":33}},"145":{"start":{"line":146,"column":0},"end":{"line":146,"column":39}},"146":{"start":{"line":147,"column":0},"end":{"line":147,"column":38}},"147":{"start":{"line":148,"column":0},"end":{"line":148,"column":8}},"148":{"start":{"line":149,"column":0},"end":{"line":149,"column":56}},"149":{"start":{"line":150,"column":0},"end":{"line":150,"column":61}},"150":{"start":{"line":151,"column":0},"end":{"line":151,"column":5}},"153":{"start":{"line":154,"column":0},"end":{"line":154,"column":68}},"154":{"start":{"line":155,"column":0},"end":{"line":155,"column":36}},"155":{"start":{"line":156,"column":0},"end":{"line":156,"column":15}},"156":{"start":{"line":157,"column":0},"end":{"line":157,"column":32}},"157":{"start":{"line":158,"column":0},"end":{"line":158,"column":18}},"158":{"start":{"line":159,"column":0},"end":{"line":159,"column":35}},"159":{"start":{"line":160,"column":0},"end":{"line":160,"column":35}},"160":{"start":{"line":161,"column":0},"end":{"line":161,"column":57}},"161":{"start":{"line":162,"column":0},"end":{"line":162,"column":59}},"162":{"start":{"line":163,"column":0},"end":{"line":163,"column":20}},"163":{"start":{"line":164,"column":0},"end":{"line":164,"column":13}},"164":{"start":{"line":165,"column":0},"end":{"line":165,"column":40}},"165":{"start":{"line":166,"column":0},"end":{"line":166,"column":26}},"166":{"start":{"line":167,"column":0},"end":{"line":167,"column":14}},"167":{"start":{"line":168,"column":0},"end":{"line":168,"column":13}},"168":{"start":{"line":169,"column":0},"end":{"line":169,"column":58}},"169":{"start":{"line":170,"column":0},"end":{"line":170,"column":27}},"170":{"start":{"line":171,"column":0},"end":{"line":171,"column":14}},"171":{"start":{"line":172,"column":0},"end":{"line":172,"column":13}},"172":{"start":{"line":173,"column":0},"end":{"line":173,"column":49}},"173":{"start":{"line":174,"column":0},"end":{"line":174,"column":30}},"174":{"start":{"line":175,"column":0},"end":{"line":175,"column":14}},"175":{"start":{"line":176,"column":0},"end":{"line":176,"column":12}},"176":{"start":{"line":177,"column":0},"end":{"line":177,"column":10}},"177":{"start":{"line":178,"column":0},"end":{"line":178,"column":54}},"178":{"start":{"line":179,"column":0},"end":{"line":179,"column":26}},"179":{"start":{"line":180,"column":0},"end":{"line":180,"column":19}},"180":{"start":{"line":181,"column":0},"end":{"line":181,"column":34}},"181":{"start":{"line":182,"column":0},"end":{"line":182,"column":15}},"182":{"start":{"line":183,"column":0},"end":{"line":183,"column":18}},"183":{"start":{"line":184,"column":0},"end":{"line":184,"column":25}},"184":{"start":{"line":185,"column":0},"end":{"line":185,"column":7}},"185":{"start":{"line":186,"column":0},"end":{"line":186,"column":5}},"188":{"start":{"line":189,"column":0},"end":{"line":189,"column":65}},"189":{"start":{"line":190,"column":0},"end":{"line":190,"column":43}},"190":{"start":{"line":191,"column":0},"end":{"line":191,"column":52}},"191":{"start":{"line":192,"column":0},"end":{"line":192,"column":33}},"192":{"start":{"line":193,"column":0},"end":{"line":193,"column":54}},"193":{"start":{"line":194,"column":0},"end":{"line":194,"column":53}},"194":{"start":{"line":195,"column":0},"end":{"line":195,"column":23}},"195":{"start":{"line":196,"column":0},"end":{"line":196,"column":48}},"196":{"start":{"line":197,"column":0},"end":{"line":197,"column":46}},"197":{"start":{"line":198,"column":0},"end":{"line":198,"column":11}},"198":{"start":{"line":199,"column":0},"end":{"line":199,"column":10}},"199":{"start":{"line":200,"column":0},"end":{"line":200,"column":8}},"200":{"start":{"line":201,"column":0},"end":{"line":201,"column":62}},"202":{"start":{"line":203,"column":0},"end":{"line":203,"column":29}},"203":{"start":{"line":204,"column":0},"end":{"line":204,"column":53}},"205":{"start":{"line":206,"column":0},"end":{"line":206,"column":39}},"206":{"start":{"line":207,"column":0},"end":{"line":207,"column":5}},"207":{"start":{"line":208,"column":0},"end":{"line":208,"column":34}},"209":{"start":{"line":210,"column":0},"end":{"line":210,"column":51}},"210":{"start":{"line":211,"column":0},"end":{"line":211,"column":48}},"212":{"start":{"line":213,"column":0},"end":{"line":213,"column":16}},"213":{"start":{"line":214,"column":0},"end":{"line":214,"column":3}},"215":{"start":{"line":216,"column":0},"end":{"line":216,"column":19}},"216":{"start":{"line":217,"column":0},"end":{"line":217,"column":22}},"217":{"start":{"line":218,"column":0},"end":{"line":218,"column":3}},"219":{"start":{"line":220,"column":0},"end":{"line":220,"column":29}},"220":{"start":{"line":221,"column":0},"end":{"line":221,"column":21}},"221":{"start":{"line":222,"column":0},"end":{"line":222,"column":52}},"222":{"start":{"line":223,"column":0},"end":{"line":223,"column":5}},"223":{"start":{"line":224,"column":0},"end":{"line":224,"column":87}},"224":{"start":{"line":225,"column":0},"end":{"line":225,"column":21}},"225":{"start":{"line":226,"column":0},"end":{"line":226,"column":3}},"227":{"start":{"line":228,"column":0},"end":{"line":228,"column":40}},"228":{"start":{"line":229,"column":0},"end":{"line":229,"column":21}},"229":{"start":{"line":230,"column":0},"end":{"line":230,"column":52}},"230":{"start":{"line":231,"column":0},"end":{"line":231,"column":5}},"231":{"start":{"line":232,"column":0},"end":{"line":232,"column":45}},"233":{"start":{"line":234,"column":0},"end":{"line":234,"column":32}},"234":{"start":{"line":235,"column":0},"end":{"line":235,"column":43}},"235":{"start":{"line":236,"column":0},"end":{"line":236,"column":5}},"236":{"start":{"line":237,"column":0},"end":{"line":237,"column":3}},"238":{"start":{"line":239,"column":0},"end":{"line":239,"column":22}},"239":{"start":{"line":240,"column":0},"end":{"line":240,"column":21}},"240":{"start":{"line":241,"column":0},"end":{"line":241,"column":52}},"241":{"start":{"line":242,"column":0},"end":{"line":242,"column":5}},"242":{"start":{"line":243,"column":0},"end":{"line":243,"column":45}},"244":{"start":{"line":245,"column":0},"end":{"line":245,"column":59}},"245":{"start":{"line":246,"column":0},"end":{"line":246,"column":3}},"247":{"start":{"line":248,"column":0},"end":{"line":248,"column":49}},"248":{"start":{"line":249,"column":0},"end":{"line":249,"column":21}},"249":{"start":{"line":250,"column":0},"end":{"line":250,"column":52}},"250":{"start":{"line":251,"column":0},"end":{"line":251,"column":5}},"251":{"start":{"line":252,"column":0},"end":{"line":252,"column":47}},"253":{"start":{"line":254,"column":0},"end":{"line":254,"column":37}},"254":{"start":{"line":255,"column":0},"end":{"line":255,"column":44}},"255":{"start":{"line":256,"column":0},"end":{"line":256,"column":9}},"256":{"start":{"line":257,"column":0},"end":{"line":257,"column":22}},"257":{"start":{"line":258,"column":0},"end":{"line":258,"column":66}},"258":{"start":{"line":259,"column":0},"end":{"line":259,"column":7}},"260":{"start":{"line":261,"column":0},"end":{"line":261,"column":90}},"262":{"start":{"line":263,"column":0},"end":{"line":263,"column":60}},"264":{"start":{"line":265,"column":0},"end":{"line":265,"column":22}},"265":{"start":{"line":266,"column":0},"end":{"line":266,"column":84}},"266":{"start":{"line":267,"column":0},"end":{"line":267,"column":7}},"269":{"start":{"line":270,"column":0},"end":{"line":270,"column":54}},"272":{"start":{"line":273,"column":0},"end":{"line":273,"column":58}},"274":{"start":{"line":275,"column":0},"end":{"line":275,"column":22}},"275":{"start":{"line":276,"column":0},"end":{"line":276,"column":48}},"276":{"start":{"line":277,"column":0},"end":{"line":277,"column":7}},"278":{"start":{"line":279,"column":0},"end":{"line":279,"column":67}},"279":{"start":{"line":280,"column":0},"end":{"line":280,"column":21}},"281":{"start":{"line":282,"column":0},"end":{"line":282,"column":22}},"282":{"start":{"line":283,"column":0},"end":{"line":283,"column":21}},"283":{"start":{"line":284,"column":0},"end":{"line":284,"column":39}},"284":{"start":{"line":285,"column":0},"end":{"line":285,"column":15}},"285":{"start":{"line":286,"column":0},"end":{"line":286,"column":19}},"286":{"start":{"line":287,"column":0},"end":{"line":287,"column":10}},"287":{"start":{"line":288,"column":0},"end":{"line":288,"column":24}},"288":{"start":{"line":289,"column":0},"end":{"line":289,"column":9}},"290":{"start":{"line":291,"column":0},"end":{"line":291,"column":34}},"291":{"start":{"line":292,"column":0},"end":{"line":292,"column":59}},"292":{"start":{"line":293,"column":0},"end":{"line":293,"column":7}},"294":{"start":{"line":295,"column":0},"end":{"line":295,"column":76}},"297":{"start":{"line":298,"column":0},"end":{"line":298,"column":18}},"298":{"start":{"line":299,"column":0},"end":{"line":299,"column":5}},"299":{"start":{"line":300,"column":0},"end":{"line":300,"column":3}},"301":{"start":{"line":302,"column":0},"end":{"line":302,"column":23}},"302":{"start":{"line":303,"column":0},"end":{"line":303,"column":22}},"303":{"start":{"line":304,"column":0},"end":{"line":304,"column":20}},"304":{"start":{"line":305,"column":0},"end":{"line":305,"column":17}},"305":{"start":{"line":306,"column":0},"end":{"line":306,"column":26}},"306":{"start":{"line":307,"column":0},"end":{"line":307,"column":8}},"307":{"start":{"line":308,"column":0},"end":{"line":308,"column":6}},"313":{"start":{"line":314,"column":0},"end":{"line":314,"column":6}},"314":{"start":{"line":315,"column":0},"end":{"line":315,"column":21}},"315":{"start":{"line":316,"column":0},"end":{"line":316,"column":52}},"316":{"start":{"line":317,"column":0},"end":{"line":317,"column":5}},"318":{"start":{"line":319,"column":0},"end":{"line":319,"column":30}},"320":{"start":{"line":321,"column":0},"end":{"line":321,"column":37}},"321":{"start":{"line":322,"column":0},"end":{"line":322,"column":40}},"322":{"start":{"line":323,"column":0},"end":{"line":323,"column":9}},"323":{"start":{"line":324,"column":0},"end":{"line":324,"column":22}},"324":{"start":{"line":325,"column":0},"end":{"line":325,"column":98}},"325":{"start":{"line":326,"column":0},"end":{"line":326,"column":7}},"326":{"start":{"line":327,"column":0},"end":{"line":327,"column":22}},"327":{"start":{"line":328,"column":0},"end":{"line":328,"column":51}},"328":{"start":{"line":329,"column":0},"end":{"line":329,"column":73}},"329":{"start":{"line":330,"column":0},"end":{"line":330,"column":30}},"330":{"start":{"line":331,"column":0},"end":{"line":331,"column":7}},"332":{"start":{"line":333,"column":0},"end":{"line":333,"column":22}},"333":{"start":{"line":334,"column":0},"end":{"line":334,"column":50}},"334":{"start":{"line":335,"column":0},"end":{"line":335,"column":57}},"335":{"start":{"line":336,"column":0},"end":{"line":336,"column":7}},"338":{"start":{"line":339,"column":0},"end":{"line":339,"column":70}},"339":{"start":{"line":340,"column":0},"end":{"line":340,"column":65}},"341":{"start":{"line":342,"column":0},"end":{"line":342,"column":22}},"342":{"start":{"line":343,"column":0},"end":{"line":343,"column":65}},"343":{"start":{"line":344,"column":0},"end":{"line":344,"column":7}},"346":{"start":{"line":347,"column":0},"end":{"line":347,"column":70}},"347":{"start":{"line":348,"column":0},"end":{"line":348,"column":42}},"348":{"start":{"line":349,"column":0},"end":{"line":349,"column":85}},"349":{"start":{"line":350,"column":0},"end":{"line":350,"column":79}},"350":{"start":{"line":351,"column":0},"end":{"line":351,"column":70}},"351":{"start":{"line":352,"column":0},"end":{"line":352,"column":97}},"352":{"start":{"line":353,"column":0},"end":{"line":353,"column":42}},"354":{"start":{"line":355,"column":0},"end":{"line":355,"column":22}},"355":{"start":{"line":356,"column":0},"end":{"line":356,"column":58}},"356":{"start":{"line":357,"column":0},"end":{"line":357,"column":7}},"358":{"start":{"line":359,"column":0},"end":{"line":359,"column":54}},"360":{"start":{"line":361,"column":0},"end":{"line":361,"column":66}},"361":{"start":{"line":362,"column":0},"end":{"line":362,"column":21}},"362":{"start":{"line":363,"column":0},"end":{"line":363,"column":73}},"363":{"start":{"line":364,"column":0},"end":{"line":364,"column":22}},"364":{"start":{"line":365,"column":0},"end":{"line":365,"column":21}},"365":{"start":{"line":366,"column":0},"end":{"line":366,"column":39}},"366":{"start":{"line":367,"column":0},"end":{"line":367,"column":10}},"367":{"start":{"line":368,"column":0},"end":{"line":368,"column":24}},"368":{"start":{"line":369,"column":0},"end":{"line":369,"column":9}},"371":{"start":{"line":372,"column":0},"end":{"line":372,"column":18}},"372":{"start":{"line":373,"column":0},"end":{"line":373,"column":5}},"373":{"start":{"line":374,"column":0},"end":{"line":374,"column":3}},"377":{"start":{"line":378,"column":0},"end":{"line":378,"column":65}},"378":{"start":{"line":379,"column":0},"end":{"line":379,"column":21}},"379":{"start":{"line":380,"column":0},"end":{"line":380,"column":52}},"380":{"start":{"line":381,"column":0},"end":{"line":381,"column":5}},"381":{"start":{"line":382,"column":0},"end":{"line":382,"column":45}},"382":{"start":{"line":383,"column":0},"end":{"line":383,"column":34}},"383":{"start":{"line":384,"column":0},"end":{"line":384,"column":3}},"385":{"start":{"line":386,"column":0},"end":{"line":386,"column":51}},"386":{"start":{"line":387,"column":0},"end":{"line":387,"column":21}},"387":{"start":{"line":388,"column":0},"end":{"line":388,"column":53}},"388":{"start":{"line":389,"column":0},"end":{"line":389,"column":5}},"390":{"start":{"line":391,"column":0},"end":{"line":391,"column":20}},"391":{"start":{"line":392,"column":0},"end":{"line":392,"column":110}},"392":{"start":{"line":393,"column":0},"end":{"line":393,"column":5}},"394":{"start":{"line":395,"column":0},"end":{"line":395,"column":53}},"395":{"start":{"line":396,"column":0},"end":{"line":396,"column":48}},"397":{"start":{"line":398,"column":0},"end":{"line":398,"column":20}},"398":{"start":{"line":399,"column":0},"end":{"line":399,"column":63}},"399":{"start":{"line":400,"column":0},"end":{"line":400,"column":56}},"400":{"start":{"line":401,"column":0},"end":{"line":401,"column":5}},"403":{"start":{"line":404,"column":0},"end":{"line":404,"column":54}},"406":{"start":{"line":407,"column":0},"end":{"line":407,"column":38}},"408":{"start":{"line":409,"column":0},"end":{"line":409,"column":45}},"409":{"start":{"line":410,"column":0},"end":{"line":410,"column":56}},"410":{"start":{"line":411,"column":0},"end":{"line":411,"column":51}},"411":{"start":{"line":412,"column":0},"end":{"line":412,"column":7}},"413":{"start":{"line":414,"column":0},"end":{"line":414,"column":36}},"414":{"start":{"line":415,"column":0},"end":{"line":415,"column":28}},"417":{"start":{"line":418,"column":0},"end":{"line":418,"column":81}},"424":{"start":{"line":425,"column":0},"end":{"line":425,"column":32}},"426":{"start":{"line":427,"column":0},"end":{"line":427,"column":32}},"427":{"start":{"line":428,"column":0},"end":{"line":428,"column":33}},"428":{"start":{"line":429,"column":0},"end":{"line":429,"column":7}},"430":{"start":{"line":431,"column":0},"end":{"line":431,"column":48}},"431":{"start":{"line":432,"column":0},"end":{"line":432,"column":7}},"433":{"start":{"line":434,"column":0},"end":{"line":434,"column":66}},"434":{"start":{"line":435,"column":0},"end":{"line":435,"column":3}},"436":{"start":{"line":437,"column":0},"end":{"line":437,"column":11}},"437":{"start":{"line":438,"column":0},"end":{"line":438,"column":24}},"438":{"start":{"line":439,"column":0},"end":{"line":439,"column":61}},"439":{"start":{"line":440,"column":0},"end":{"line":440,"column":38}},"440":{"start":{"line":441,"column":0},"end":{"line":441,"column":33}},"441":{"start":{"line":442,"column":0},"end":{"line":442,"column":99}},"442":{"start":{"line":443,"column":0},"end":{"line":443,"column":5}},"444":{"start":{"line":445,"column":0},"end":{"line":445,"column":35}},"445":{"start":{"line":446,"column":0},"end":{"line":446,"column":32}},"446":{"start":{"line":447,"column":0},"end":{"line":447,"column":20}},"447":{"start":{"line":448,"column":0},"end":{"line":448,"column":35}},"448":{"start":{"line":449,"column":0},"end":{"line":449,"column":39}},"449":{"start":{"line":450,"column":0},"end":{"line":450,"column":15}},"450":{"start":{"line":451,"column":0},"end":{"line":451,"column":16}},"451":{"start":{"line":452,"column":0},"end":{"line":452,"column":57}},"452":{"start":{"line":453,"column":0},"end":{"line":453,"column":57}},"453":{"start":{"line":454,"column":0},"end":{"line":454,"column":15}},"454":{"start":{"line":455,"column":0},"end":{"line":455,"column":7}},"455":{"start":{"line":456,"column":0},"end":{"line":456,"column":5}},"457":{"start":{"line":458,"column":0},"end":{"line":458,"column":29}},"458":{"start":{"line":459,"column":0},"end":{"line":459,"column":72}},"459":{"start":{"line":460,"column":0},"end":{"line":460,"column":37}},"460":{"start":{"line":461,"column":0},"end":{"line":461,"column":23}},"461":{"start":{"line":462,"column":0},"end":{"line":462,"column":77}},"462":{"start":{"line":463,"column":0},"end":{"line":463,"column":38}},"463":{"start":{"line":464,"column":0},"end":{"line":464,"column":5}},"465":{"start":{"line":466,"column":0},"end":{"line":466,"column":21}},"466":{"start":{"line":467,"column":0},"end":{"line":467,"column":30}},"467":{"start":{"line":468,"column":0},"end":{"line":468,"column":3}},"468":{"start":{"line":469,"column":0},"end":{"line":469,"column":1}},"470":{"start":{"line":471,"column":0},"end":{"line":471,"column":45}}},"s":{"0":1,"1":1,"2":1,"3":1,"4":1,"5":1,"6":1,"8":1,"9":9,"10":9,"11":9,"12":9,"14":1,"15":9,"16":9,"17":9,"18":9,"19":9,"20":9,"21":9,"23":1,"24":4,"25":4,"26":4,"28":1,"29":3,"30":1,"31":1,"32":3,"33":6,"34":2,"35":2,"36":4,"37":4,"38":2,"40":8,"41":8,"42":8,"43":2,"44":2,"46":8,"47":8,"48":8,"50":8,"51":2,"52":1,"53":1,"54":8,"56":8,"57":2,"58":1,"59":1,"60":8,"62":8,"65":8,"66":7,"67":8,"68":1,"69":1,"70":8,"72":8,"73":1,"74":8,"75":8,"76":8,"78":1,"79":5,"80":5,"81":7,"82":7,"84":7,"85":7,"86":5,"88":1,"89":7,"90":1,"91":1,"92":6,"93":7,"94":1,"95":7,"96":5,"97":5,"98":7,"100":1,"101":2,"102":2,"103":2,"105":1,"106":10,"107":10,"109":1,"110":36,"111":36,"112":36,"113":36,"114":36,"115":36,"116":36,"118":36,"120":36,"121":36,"123":36,"124":36,"126":36,"128":36,"129":0,"130":0,"131":0,"132":0,"136":0,"139":0,"140":0,"141":0,"142":0,"143":0,"144":0,"145":0,"146":0,"147":0,"148":0,"149":0,"150":0,"153":0,"154":0,"155":0,"156":0,"157":0,"158":0,"159":0,"160":0,"161":0,"162":0,"163":0,"164":0,"165":0,"166":0,"167":0,"168":0,"169":0,"170":0,"171":0,"172":0,"173":0,"174":0,"175":0,"176":0,"177":0,"178":0,"179":0,"180":0,"181":0,"182":0,"183":0,"184":0,"185":0,"188":0,"189":0,"190":0,"191":0,"192":0,"193":0,"194":0,"195":0,"196":0,"197":0,"198":0,"199":0,"200":0,"202":0,"203":0,"205":0,"206":0,"207":0,"209":0,"210":0,"212":0,"213":0,"215":36,"216":5,"217":5,"219":36,"220":16,"221":2,"222":2,"223":16,"224":16,"225":16,"227":36,"228":3,"229":2,"230":2,"231":1,"233":1,"234":1,"235":1,"236":3,"238":36,"239":3,"240":2,"241":2,"242":1,"244":1,"245":3,"247":36,"248":0,"249":0,"250":0,"251":0,"253":0,"254":0,"255":0,"256":0,"257":0,"258":0,"260":0,"262":0,"264":0,"265":0,"266":0,"269":0,"272":0,"274":0,"275":0,"276":0,"278":0,"279":0,"281":0,"282":0,"283":0,"284":0,"285":0,"286":0,"287":0,"288":0,"290":0,"291":0,"292":0,"294":0,"297":0,"298":0,"299":0,"301":36,"302":0,"303":0,"304":0,"305":0,"306":0,"307":0,"313":0,"314":0,"315":0,"316":0,"318":0,"320":0,"321":0,"322":0,"323":0,"324":0,"325":0,"326":0,"327":0,"328":0,"329":0,"330":0,"332":0,"333":0,"334":0,"335":0,"338":0,"339":0,"341":0,"342":0,"343":0,"346":0,"347":0,"348":0,"349":0,"350":0,"351":0,"352":0,"354":0,"355":0,"356":0,"358":0,"360":0,"361":0,"362":0,"363":0,"364":0,"365":0,"366":0,"367":0,"368":0,"371":0,"372":0,"373":0,"377":36,"378":0,"379":0,"380":0,"381":0,"382":0,"383":0,"385":36,"386":6,"387":2,"388":2,"390":5,"391":0,"392":0,"394":4,"395":4,"397":5,"398":0,"399":0,"400":0,"403":4,"406":4,"408":4,"409":15,"410":5,"411":5,"413":10,"414":15,"417":15,"424":15,"426":15,"427":6,"428":6,"430":4,"431":4,"433":4,"434":6,"436":36,"437":4,"438":4,"439":4,"440":4,"441":4,"442":4,"444":4,"445":5,"446":5,"447":1,"448":1,"449":1,"450":5,"451":4,"452":4,"453":4,"454":5,"455":5,"457":4,"458":1,"459":1,"460":1,"461":1,"462":1,"463":1,"465":4,"466":4,"467":4,"468":36,"470":1},"branchMap":{"0":{"type":"branch","line":9,"loc":{"start":{"line":9,"column":7},"end":{"line":13,"column":1}},"locations":[{"start":{"line":9,"column":7},"end":{"line":13,"column":1}}]},"1":{"type":"branch","line":15,"loc":{"start":{"line":15,"column":7},"end":{"line":22,"column":1}},"locations":[{"start":{"line":15,"column":7},"end":{"line":22,"column":1}}]},"2":{"type":"branch","line":24,"loc":{"start":{"line":24,"column":7},"end":{"line":27,"column":1}},"locations":[{"start":{"line":24,"column":7},"end":{"line":27,"column":1}}]},"3":{"type":"branch","line":26,"loc":{"start":{"line":26,"column":26},"end":{"line":26,"column":74}},"locations":[{"start":{"line":26,"column":26},"end":{"line":26,"column":74}}]},"4":{"type":"branch","line":26,"loc":{"start":{"line":26,"column":49},"end":{"line":26,"column":74}},"locations":[{"start":{"line":26,"column":49},"end":{"line":26,"column":74}}]},"5":{"type":"branch","line":29,"loc":{"start":{"line":29,"column":7},"end":{"line":39,"column":1}},"locations":[{"start":{"line":29,"column":7},"end":{"line":39,"column":1}}]},"6":{"type":"branch","line":30,"loc":{"start":{"line":30,"column":27},"end":{"line":32,"column":3}},"locations":[{"start":{"line":30,"column":27},"end":{"line":32,"column":3}}]},"7":{"type":"branch","line":32,"loc":{"start":{"line":32,"column":2},"end":{"line":33,"column":42}},"locations":[{"start":{"line":32,"column":2},"end":{"line":33,"column":42}}]},"8":{"type":"branch","line":33,"loc":{"start":{"line":33,"column":42},"end":{"line":38,"column":3}},"locations":[{"start":{"line":33,"column":42},"end":{"line":38,"column":3}}]},"9":{"type":"branch","line":34,"loc":{"start":{"line":34,"column":25},"end":{"line":36,"column":5}},"locations":[{"start":{"line":34,"column":25},"end":{"line":36,"column":5}}]},"10":{"type":"branch","line":36,"loc":{"start":{"line":36,"column":4},"end":{"line":38,"column":3}},"locations":[{"start":{"line":36,"column":4},"end":{"line":38,"column":3}}]},"11":{"type":"branch","line":38,"loc":{"start":{"line":38,"column":2},"end":{"line":39,"column":1}},"locations":[{"start":{"line":38,"column":2},"end":{"line":39,"column":1}}]},"12":{"type":"branch","line":41,"loc":{"start":{"line":41,"column":0},"end":{"line":77,"column":1}},"locations":[{"start":{"line":41,"column":0},"end":{"line":77,"column":1}}]},"13":{"type":"branch","line":42,"loc":{"start":{"line":42,"column":33},"end":{"line":76,"column":3}},"locations":[{"start":{"line":42,"column":33},"end":{"line":76,"column":3}}]},"14":{"type":"branch","line":43,"loc":{"start":{"line":43,"column":17},"end":{"line":45,"column":5}},"locations":[{"start":{"line":43,"column":17},"end":{"line":45,"column":5}}]},"15":{"type":"branch","line":51,"loc":{"start":{"line":51,"column":28},"end":{"line":55,"column":5}},"locations":[{"start":{"line":51,"column":28},"end":{"line":55,"column":5}}]},"16":{"type":"branch","line":52,"loc":{"start":{"line":52,"column":19},"end":{"line":54,"column":7}},"locations":[{"start":{"line":52,"column":19},"end":{"line":54,"column":7}}]},"17":{"type":"branch","line":57,"loc":{"start":{"line":57,"column":28},"end":{"line":61,"column":5}},"locations":[{"start":{"line":57,"column":28},"end":{"line":61,"column":5}}]},"18":{"type":"branch","line":58,"loc":{"start":{"line":58,"column":19},"end":{"line":60,"column":7}},"locations":[{"start":{"line":58,"column":19},"end":{"line":60,"column":7}}]},"19":{"type":"branch","line":63,"loc":{"start":{"line":63,"column":22},"end":{"line":71,"column":5}},"locations":[{"start":{"line":63,"column":22},"end":{"line":71,"column":5}}]},"20":{"type":"branch","line":66,"loc":{"start":{"line":66,"column":22},"end":{"line":68,"column":13}},"locations":[{"start":{"line":66,"column":22},"end":{"line":68,"column":13}}]},"21":{"type":"branch","line":68,"loc":{"start":{"line":68,"column":6},"end":{"line":70,"column":7}},"locations":[{"start":{"line":68,"column":6},"end":{"line":70,"column":7}}]},"22":{"type":"branch","line":73,"loc":{"start":{"line":73,"column":22},"end":{"line":75,"column":5}},"locations":[{"start":{"line":73,"column":22},"end":{"line":75,"column":5}}]},"23":{"type":"branch","line":79,"loc":{"start":{"line":79,"column":7},"end":{"line":87,"column":1}},"locations":[{"start":{"line":79,"column":7},"end":{"line":87,"column":1}}]},"24":{"type":"branch","line":81,"loc":{"start":{"line":81,"column":45},"end":{"line":86,"column":3}},"locations":[{"start":{"line":81,"column":45},"end":{"line":86,"column":3}}]},"25":{"type":"branch","line":89,"loc":{"start":{"line":89,"column":7},"end":{"line":99,"column":1}},"locations":[{"start":{"line":89,"column":7},"end":{"line":99,"column":1}}]},"26":{"type":"branch","line":90,"loc":{"start":{"line":90,"column":50},"end":{"line":92,"column":3}},"locations":[{"start":{"line":90,"column":50},"end":{"line":92,"column":3}}]},"27":{"type":"branch","line":92,"loc":{"start":{"line":92,"column":2},"end":{"line":94,"column":26}},"locations":[{"start":{"line":92,"column":2},"end":{"line":94,"column":26}}]},"28":{"type":"branch","line":94,"loc":{"start":{"line":94,"column":26},"end":{"line":96,"column":9}},"locations":[{"start":{"line":94,"column":26},"end":{"line":96,"column":9}}]},"29":{"type":"branch","line":96,"loc":{"start":{"line":96,"column":2},"end":{"line":98,"column":3}},"locations":[{"start":{"line":96,"column":2},"end":{"line":98,"column":3}}]},"30":{"type":"branch","line":90,"loc":{"start":{"line":90,"column":23},"end":{"line":90,"column":47}},"locations":[{"start":{"line":90,"column":23},"end":{"line":90,"column":47}}]},"31":{"type":"branch","line":101,"loc":{"start":{"line":101,"column":7},"end":{"line":104,"column":1}},"locations":[{"start":{"line":101,"column":7},"end":{"line":104,"column":1}}]},"32":{"type":"branch","line":106,"loc":{"start":{"line":106,"column":7},"end":{"line":108,"column":1}},"locations":[{"start":{"line":106,"column":7},"end":{"line":108,"column":1}}]},"33":{"type":"branch","line":110,"loc":{"start":{"line":110,"column":25},"end":{"line":469,"column":1}},"locations":[{"start":{"line":110,"column":25},"end":{"line":469,"column":1}}]},"34":{"type":"branch","line":119,"loc":{"start":{"line":119,"column":2},"end":{"line":127,"column":3}},"locations":[{"start":{"line":119,"column":2},"end":{"line":127,"column":3}}]},"35":{"type":"branch","line":122,"loc":{"start":{"line":122,"column":27},"end":{"line":122,"column":44}},"locations":[{"start":{"line":122,"column":27},"end":{"line":122,"column":44}}]},"36":{"type":"branch","line":122,"loc":{"start":{"line":122,"column":36},"end":{"line":122,"column":49}},"locations":[{"start":{"line":122,"column":36},"end":{"line":122,"column":49}}]},"37":{"type":"branch","line":125,"loc":{"start":{"line":125,"column":6},"end":{"line":125,"column":93}},"locations":[{"start":{"line":125,"column":6},"end":{"line":125,"column":93}}]},"38":{"type":"branch","line":216,"loc":{"start":{"line":216,"column":2},"end":{"line":218,"column":3}},"locations":[{"start":{"line":216,"column":2},"end":{"line":218,"column":3}}]},"39":{"type":"branch","line":220,"loc":{"start":{"line":220,"column":2},"end":{"line":226,"column":3}},"locations":[{"start":{"line":220,"column":2},"end":{"line":226,"column":3}}]},"40":{"type":"branch","line":221,"loc":{"start":{"line":221,"column":20},"end":{"line":223,"column":5}},"locations":[{"start":{"line":221,"column":20},"end":{"line":223,"column":5}}]},"41":{"type":"branch","line":223,"loc":{"start":{"line":223,"column":4},"end":{"line":224,"column":65}},"locations":[{"start":{"line":223,"column":4},"end":{"line":224,"column":65}}]},"42":{"type":"branch","line":224,"loc":{"start":{"line":224,"column":49},"end":{"line":224,"column":78}},"locations":[{"start":{"line":224,"column":49},"end":{"line":224,"column":78}}]},"43":{"type":"branch","line":224,"loc":{"start":{"line":224,"column":65},"end":{"line":224,"column":82}},"locations":[{"start":{"line":224,"column":65},"end":{"line":224,"column":82}}]},"44":{"type":"branch","line":228,"loc":{"start":{"line":228,"column":2},"end":{"line":237,"column":3}},"locations":[{"start":{"line":228,"column":2},"end":{"line":237,"column":3}}]},"45":{"type":"branch","line":229,"loc":{"start":{"line":229,"column":20},"end":{"line":236,"column":5}},"locations":[{"start":{"line":229,"column":20},"end":{"line":236,"column":5}}]},"46":{"type":"branch","line":231,"loc":{"start":{"line":231,"column":4},"end":{"line":236,"column":5}},"locations":[{"start":{"line":231,"column":4},"end":{"line":236,"column":5}}]},"47":{"type":"branch","line":239,"loc":{"start":{"line":239,"column":2},"end":{"line":246,"column":3}},"locations":[{"start":{"line":239,"column":2},"end":{"line":246,"column":3}}]},"48":{"type":"branch","line":240,"loc":{"start":{"line":240,"column":20},"end":{"line":245,"column":59}},"locations":[{"start":{"line":240,"column":20},"end":{"line":245,"column":59}}]},"49":{"type":"branch","line":242,"loc":{"start":{"line":242,"column":4},"end":{"line":245,"column":59}},"locations":[{"start":{"line":242,"column":4},"end":{"line":245,"column":59}}]},"50":{"type":"branch","line":386,"loc":{"start":{"line":386,"column":2},"end":{"line":435,"column":3}},"locations":[{"start":{"line":386,"column":2},"end":{"line":435,"column":3}}]},"51":{"type":"branch","line":387,"loc":{"start":{"line":387,"column":20},"end":{"line":389,"column":5}},"locations":[{"start":{"line":387,"column":20},"end":{"line":389,"column":5}}]},"52":{"type":"branch","line":389,"loc":{"start":{"line":389,"column":4},"end":{"line":434,"column":66}},"locations":[{"start":{"line":389,"column":4},"end":{"line":434,"column":66}}]},"53":{"type":"branch","line":389,"loc":{"start":{"line":389,"column":4},"end":{"line":391,"column":19}},"locations":[{"start":{"line":389,"column":4},"end":{"line":391,"column":19}}]},"54":{"type":"branch","line":391,"loc":{"start":{"line":391,"column":19},"end":{"line":393,"column":5}},"locations":[{"start":{"line":391,"column":19},"end":{"line":393,"column":5}}]},"55":{"type":"branch","line":393,"loc":{"start":{"line":393,"column":4},"end":{"line":398,"column":19}},"locations":[{"start":{"line":393,"column":4},"end":{"line":398,"column":19}}]},"56":{"type":"branch","line":398,"loc":{"start":{"line":398,"column":19},"end":{"line":401,"column":5}},"locations":[{"start":{"line":398,"column":19},"end":{"line":401,"column":5}}]},"57":{"type":"branch","line":401,"loc":{"start":{"line":401,"column":4},"end":{"line":434,"column":66}},"locations":[{"start":{"line":401,"column":4},"end":{"line":434,"column":66}}]},"58":{"type":"branch","line":409,"loc":{"start":{"line":409,"column":34},"end":{"line":432,"column":5}},"locations":[{"start":{"line":409,"column":34},"end":{"line":432,"column":5}}]},"59":{"type":"branch","line":410,"loc":{"start":{"line":410,"column":21},"end":{"line":410,"column":55}},"locations":[{"start":{"line":410,"column":21},"end":{"line":410,"column":55}}]},"60":{"type":"branch","line":410,"loc":{"start":{"line":410,"column":55},"end":{"line":412,"column":7}},"locations":[{"start":{"line":410,"column":55},"end":{"line":412,"column":7}}]},"61":{"type":"branch","line":412,"loc":{"start":{"line":412,"column":6},"end":{"line":415,"column":23}},"locations":[{"start":{"line":412,"column":6},"end":{"line":415,"column":23}}]},"62":{"type":"branch","line":415,"loc":{"start":{"line":415,"column":16},"end":{"line":415,"column":28}},"locations":[{"start":{"line":415,"column":16},"end":{"line":415,"column":28}}]},"63":{"type":"branch","line":415,"loc":{"start":{"line":415,"column":23},"end":{"line":418,"column":77}},"locations":[{"start":{"line":415,"column":23},"end":{"line":418,"column":77}}]},"64":{"type":"branch","line":418,"loc":{"start":{"line":418,"column":73},"end":{"line":418,"column":81}},"locations":[{"start":{"line":418,"column":73},"end":{"line":418,"column":81}}]},"65":{"type":"branch","line":427,"loc":{"start":{"line":427,"column":31},"end":{"line":429,"column":7}},"locations":[{"start":{"line":427,"column":31},"end":{"line":429,"column":7}}]},"66":{"type":"branch","line":429,"loc":{"start":{"line":429,"column":6},"end":{"line":431,"column":48}},"locations":[{"start":{"line":429,"column":6},"end":{"line":431,"column":48}}]},"67":{"type":"branch","line":437,"loc":{"start":{"line":437,"column":2},"end":{"line":468,"column":3}},"locations":[{"start":{"line":437,"column":2},"end":{"line":468,"column":3}}]},"68":{"type":"branch","line":442,"loc":{"start":{"line":442,"column":57},"end":{"line":442,"column":84}},"locations":[{"start":{"line":442,"column":57},"end":{"line":442,"column":84}}]},"69":{"type":"branch","line":458,"loc":{"start":{"line":458,"column":28},"end":{"line":464,"column":5}},"locations":[{"start":{"line":458,"column":28},"end":{"line":464,"column":5}}]},"70":{"type":"branch","line":445,"loc":{"start":{"line":445,"column":28},"end":{"line":456,"column":5}},"locations":[{"start":{"line":445,"column":28},"end":{"line":456,"column":5}}]},"71":{"type":"branch","line":447,"loc":{"start":{"line":447,"column":8},"end":{"line":450,"column":15}},"locations":[{"start":{"line":447,"column":8},"end":{"line":450,"column":15}}]},"72":{"type":"branch","line":451,"loc":{"start":{"line":451,"column":8},"end":{"line":454,"column":15}},"locations":[{"start":{"line":451,"column":8},"end":{"line":454,"column":15}}]}},"b":{"0":[9],"1":[9],"2":[4],"3":[3],"4":[1],"5":[3],"6":[1],"7":[2],"8":[6],"9":[2],"10":[4],"11":[2],"12":[8],"13":[8],"14":[2],"15":[2],"16":[1],"17":[2],"18":[1],"19":[8],"20":[7],"21":[1],"22":[1],"23":[5],"24":[7],"25":[7],"26":[1],"27":[6],"28":[1],"29":[5],"30":[3],"31":[2],"32":[10],"33":[36],"34":[36],"35":[35],"36":[1],"37":[0],"38":[5],"39":[16],"40":[2],"41":[14],"42":[2],"43":[12],"44":[3],"45":[2],"46":[1],"47":[3],"48":[2],"49":[1],"50":[6],"51":[2],"52":[5],"53":[4],"54":[0],"55":[4],"56":[0],"57":[4],"58":[15],"59":[14],"60":[5],"61":[10],"62":[0],"63":[10],"64":[0],"65":[6],"66":[4],"67":[4],"68":[0],"69":[1],"70":[5],"71":[1],"72":[4]},"fnMap":{"0":{"name":"isValidPackageName","decl":{"start":{"line":9,"column":7},"end":{"line":13,"column":1}},"loc":{"start":{"line":9,"column":7},"end":{"line":13,"column":1}},"line":9},"1":{"name":"toValidPackageName","decl":{"start":{"line":15,"column":7},"end":{"line":22,"column":1}},"loc":{"start":{"line":15,"column":7},"end":{"line":22,"column":1}},"line":15},"2":{"name":"isEmpty","decl":{"start":{"line":24,"column":7},"end":{"line":27,"column":1}},"loc":{"start":{"line":24,"column":7},"end":{"line":27,"column":1}},"line":24},"3":{"name":"emptyDir","decl":{"start":{"line":29,"column":7},"end":{"line":39,"column":1}},"loc":{"start":{"line":29,"column":7},"end":{"line":39,"column":1}},"line":29},"4":{"name":"cloneRepo","decl":{"start":{"line":41,"column":0},"end":{"line":77,"column":1}},"loc":{"start":{"line":41,"column":0},"end":{"line":77,"column":1}},"line":41},"5":{"name":"copyDir","decl":{"start":{"line":79,"column":7},"end":{"line":87,"column":1}},"loc":{"start":{"line":79,"column":7},"end":{"line":87,"column":1}},"line":79},"6":{"name":"copy","decl":{"start":{"line":89,"column":7},"end":{"line":99,"column":1}},"loc":{"start":{"line":89,"column":7},"end":{"line":99,"column":1}},"line":89},"7":{"name":"editFile","decl":{"start":{"line":101,"column":7},"end":{"line":104,"column":1}},"loc":{"start":{"line":101,"column":7},"end":{"line":104,"column":1}},"line":101},"8":{"name":"formatTargetDir","decl":{"start":{"line":106,"column":7},"end":{"line":108,"column":1}},"loc":{"start":{"line":106,"column":7},"end":{"line":108,"column":1}},"line":106},"9":{"name":"<instance_members_initializer>","decl":{"start":{"line":110,"column":25},"end":{"line":469,"column":1}},"loc":{"start":{"line":110,"column":25},"end":{"line":469,"column":1}},"line":110},"10":{"name":"FileManager","decl":{"start":{"line":119,"column":2},"end":{"line":127,"column":3}},"loc":{"start":{"line":119,"column":2},"end":{"line":127,"column":3}},"line":119},"11":{"name":"init","decl":{"start":{"line":129,"column":2},"end":{"line":214,"column":3}},"loc":{"start":{"line":129,"column":2},"end":{"line":214,"column":3}},"line":129},"12":{"name":"isInitialized","decl":{"start":{"line":216,"column":2},"end":{"line":218,"column":3}},"loc":{"start":{"line":216,"column":2},"end":{"line":218,"column":3}},"line":216},"13":{"name":"getFilePath","decl":{"start":{"line":220,"column":2},"end":{"line":226,"column":3}},"loc":{"start":{"line":220,"column":2},"end":{"line":226,"column":3}},"line":220},"14":{"name":"write","decl":{"start":{"line":228,"column":2},"end":{"line":237,"column":3}},"loc":{"start":{"line":228,"column":2},"end":{"line":237,"column":3}},"line":228},"15":{"name":"read","decl":{"start":{"line":239,"column":2},"end":{"line":246,"column":3}},"loc":{"start":{"line":239,"column":2},"end":{"line":246,"column":3}},"line":239},"16":{"name":"gitPick","decl":{"start":{"line":248,"column":2},"end":{"line":300,"column":3}},"loc":{"start":{"line":248,"column":2},"end":{"line":300,"column":3}},"line":248},"17":{"name":"createBackend","decl":{"start":{"line":302,"column":2},"end":{"line":374,"column":3}},"loc":{"start":{"line":302,"column":2},"end":{"line":374,"column":3}},"line":302},"18":{"name":"editFile","decl":{"start":{"line":378,"column":2},"end":{"line":384,"column":3}},"loc":{"start":{"line":378,"column":2},"end":{"line":384,"column":3}},"line":378},"19":{"name":"addEnv","decl":{"start":{"line":386,"column":2},"end":{"line":435,"column":3}},"loc":{"start":{"line":386,"column":2},"end":{"line":435,"column":3}},"line":386},"20":{"name":"outro","decl":{"start":{"line":437,"column":2},"end":{"line":468,"column":3}},"loc":{"start":{"line":437,"column":2},"end":{"line":468,"column":3}},"line":437},"21":{"name":"addRunToMessage","decl":{"start":{"line":445,"column":28},"end":{"line":456,"column":5}},"loc":{"start":{"line":445,"column":28},"end":{"line":456,"column":5}},"line":445}},"f":{"0":9,"1":9,"2":4,"3":3,"4":8,"5":5,"6":7,"7":2,"8":10,"9":36,"10":36,"11":0,"12":5,"13":16,"14":3,"15":3,"16":0,"17":0,"18":0,"19":6,"20":4,"21":5}}
,"/Users/andreuhuguet/Documents/create-openfort/packages/create-openfort/src/cli/args.ts": {"path":"/Users/andreuhuguet/Documents/create-openfort/packages/create-openfort/src/cli/args.ts","all":true,"statementMap":{"0":{"start":{"line":1,"column":0},"end":{"line":1,"column":21}},"2":{"start":{"line":3,"column":0},"end":{"line":3,"column":27}},"3":{"start":{"line":4,"column":0},"end":{"line":4,"column":30}},"4":{"start":{"line":5,"column":0},"end":{"line":5,"column":1}},"9":{"start":{"line":10,"column":0},"end":{"line":10,"column":90}},"10":{"start":{"line":11,"column":0},"end":{"line":11,"column":30}},"11":{"start":{"line":12,"column":0},"end":{"line":12,"column":1}}},"s":{"0":0,"2":0,"3":0,"4":0,"9":0,"10":0,"11":0},"branchMap":{"0":{"type":"branch","line":1,"loc":{"start":{"line":1,"column":282},"end":{"line":12,"column":1}},"locations":[{"start":{"line":1,"column":282},"end":{"line":12,"column":1}}]}},"b":{"0":[0]},"fnMap":{"0":{"name":"(empty-report)","decl":{"start":{"line":1,"column":282},"end":{"line":12,"column":1}},"loc":{"start":{"line":1,"column":282},"end":{"line":12,"column":1}},"line":1}},"f":{"0":0}}
,"/Users/andreuhuguet/Documents/create-openfort/packages/create-openfort/src/cli/colors.ts": {"path":"/Users/andreuhuguet/Documents/create-openfort/packages/create-openfort/src/cli/colors.ts","all":false,"statementMap":{"0":{"start":{"line":1,"column":0},"end":{"line":1,"column":31}},"2":{"start":{"line":3,"column":0},"end":{"line":3,"column":14}},"3":{"start":{"line":4,"column":0},"end":{"line":4,"column":7}},"4":{"start":{"line":5,"column":0},"end":{"line":5,"column":13}},"5":{"start":{"line":6,"column":0},"end":{"line":6,"column":7}},"6":{"start":{"line":7,"column":0},"end":{"line":7,"column":8}},"7":{"start":{"line":8,"column":0},"end":{"line":8,"column":14}},"8":{"start":{"line":9,"column":0},"end":{"line":9,"column":10}},"9":{"start":{"line":10,"column":0},"end":{"line":10,"column":6}},"10":{"start":{"line":11,"column":0},"end":{"line":11,"column":12}},"11":{"start":{"line":12,"column":0},"end":{"line":12,"column":8}},"12":{"start":{"line":13,"column":0},"end":{"line":13,"column":9}},"13":{"start":{"line":14,"column":0},"end":{"line":14,"column":10}}},"s":{"0":1,"2":1,"3":1,"4":1,"5":1,"6":1,"7":1,"8":1,"9":1,"10":1,"11":1,"12":1,"13":1},"branchMap":{},"b":{},"fnMap":{},"f":{}}
,"/Users/andreuhuguet/Documents/create-openfort/packages/create-openfort/src/cli/index.ts": {"path":"/Users/andreuhuguet/Documents/create-openfort/packages/create-openfort/src/cli/index.ts","all":true,"statementMap":{"1":{"start":{"line":2,"column":0},"end":{"line":2,"column":35}},"2":{"start":{"line":3,"column":0},"end":{"line":3,"column":23}},"3":{"start":{"line":4,"column":0},"end":{"line":4,"column":29}},"4":{"start":{"line":5,"column":0},"end":{"line":5,"column":24}},"5":{"start":{"line":6,"column":0},"end":{"line":6,"column":26}}},"s":{"1":0,"2":0,"3":0,"4":0,"5":0},"branchMap":{"0":{"type":"branch","line":1,"loc":{"start":{"line":1,"column":163},"end":{"line":8,"column":19}},"locations":[{"start":{"line":1,"column":163},"end":{"line":8,"column":19}}]}},"b":{"0":[1]},"fnMap":{"0":{"name":"(empty-report)","decl":{"start":{"line":1,"column":163},"end":{"line":8,"column":19}},"loc":{"start":{"line":1,"column":163},"end":{"line":8,"column":19}},"line":1}},"f":{"0":1}}
,"/Users/andreuhuguet/Documents/create-openfort/packages/create-openfort/src/cli/prompts.ts": {"path":"/Users/andreuhuguet/Documents/create-openfort/packages/create-openfort/src/cli/prompts.ts","all":false,"statementMap":{"0":{"start":{"line":1,"column":0},"end":{"line":1,"column":42}}},"s":{"0":1},"branchMap":{},"b":{},"fnMap":{},"f":{}}
[...]
":{"line":65,"column":0},"end":{"line":65,"column":28}},"65":{"start":{"line":66,"column":0},"end":{"line":66,"column":31}},"66":{"start":{"line":67,"column":0},"end":{"line":67,"column":38}},"67":{"start":{"line":68,"column":0},"end":{"line":68,"column":35}},"68":{"start":{"line":69,"column":0},"end":{"line":69,"column":9}},"69":{"start":{"line":70,"column":0},"end":{"line":70,"column":21}},"70":{"start":{"line":71,"column":0},"end":{"line":71,"column":27}},"71":{"start":{"line":72,"column":0},"end":{"line":72,"column":83}},"72":{"start":{"line":73,"column":0},"end":{"line":73,"column":7}},"73":{"start":{"line":74,"column":0},"end":{"line":74,"column":7}},"75":{"start":{"line":76,"column":0},"end":{"line":76,"column":25}},"76":{"start":{"line":77,"column":0},"end":{"line":77,"column":25}},"77":{"start":{"line":78,"column":0},"end":{"line":78,"column":82}},"78":{"start":{"line":79,"column":0},"end":{"line":79,"column":14}},"79":{"start":{"line":80,"column":0},"end":{"line":80,"column":88}},"80":{"start":{"line":81,"column":0},"end":{"line":81,"column":7}},"81":{"start":{"line":82,"column":0},"end":{"line":82,"column":5}},"82":{"start":{"line":83,"column":0},"end":{"line":83,"column":3}},"83":{"start":{"line":84,"column":0},"end":{"line":84,"column":1}},"86":{"start":{"line":87,"column":0},"end":{"line":87,"column":41}}},"s":{"0":1,"1":1,"2":1,"3":1,"4":1,"5":1,"6":1,"8":1,"9":1,"11":1,"13":4,"14":4,"15":4,"17":1,"18":4,"19":4,"20":4,"22":4,"23":4,"25":4,"26":4,"27":4,"28":4,"30":4,"31":0,"32":0,"33":0,"36":0,"37":0,"39":0,"40":0,"41":0,"43":0,"45":0,"46":0,"47":0,"48":0,"49":0,"50":0,"52":0,"53":0,"54":0,"56":0,"57":0,"58":0,"59":0,"60":0,"61":0,"62":0,"63":0,"64":0,"65":0,"66":0,"67":0,"68":0,"69":0,"70":0,"71":0,"72":0,"73":0,"75":0,"76":0,"77":0,"78":0,"79":0,"80":0,"81":0,"82":0,"83":4,"86":1},"branchMap":{"0":{"type":"branch","line":12,"loc":{"start":{"line":12,"column":23},"end":{"line":16,"column":2}},"locations":[{"start":{"line":12,"column":23},"end":{"line":16,"column":2}}]},"1":{"type":"branch","line":18,"loc":{"start":{"line":18,"column":16},"end":{"line":84,"column":1}},"locations":[{"start":{"line":18,"column":16},"end":{"line":84,"column":1}}]},"2":{"type":"branch","line":26,"loc":{"start":{"line":26,"column":2},"end":{"line":29,"column":3}},"locations":[{"start":{"line":26,"column":2},"end":{"line":29,"column":3}}]}},"b":{"0":[4],"1":[4],"2":[4]},"fnMap":{"0":{"name":"getAnonymousId","decl":{"start":{"line":12,"column":23},"end":{"line":16,"column":2}},"loc":{"start":{"line":12,"column":23},"end":{"line":16,"column":2}},"line":12},"1":{"name":"<instance_members_initializer>","decl":{"start":{"line":18,"column":16},"end":{"line":84,"column":1}},"loc":{"start":{"line":18,"column":16},"end":{"line":84,"column":1}},"line":18},"2":{"name":"Telemetry","decl":{"start":{"line":26,"column":2},"end":{"line":29,"column":3}},"loc":{"start":{"line":26,"column":2},"end":{"line":29,"column":3}},"line":26},"3":{"name":"send","decl":{"start":{"line":31,"column":9},"end":{"line":83,"column":3}},"loc":{"start":{"line":31,"column":9},"end":{"line":83,"column":3}},"line":31}},"f":{"0":4,"1":4,"2":4,"3":0}}
,"/Users/andreuhuguet/Documents/create-openfort/packages/create-openfort/src/cli/template.ts": {"path":"/Users/andreuhuguet/Documents/create-openfort/packages/create-openfort/src/cli/template.ts","all":false,"statementMap":{"1":{"start":{"line":2,"column":0},"end":{"line":2,"column":47}},"2":{"start":{"line":3,"column":0},"end":{"line":3,"column":36}},"3":{"start":{"line":4,"column":0},"end":{"line":4,"column":33}},"13":{"start":{"line":14,"column":0},"end":{"line":14,"column":38}},"14":{"start":{"line":15,"column":0},"end":{"line":15,"column":3}},"15":{"start":{"line":16,"column":0},"end":{"line":16,"column":24}},"16":{"start":{"line":17,"column":0},"end":{"line":17,"column":27}},"17":{"start":{"line":18,"column":0},"end":{"line":18,"column":20}},"18":{"start":{"line":19,"column":0},"end":{"line":19,"column":16}},"19":{"start":{"line":20,"column":0},"end":{"line":20,"column":4}},"20":{"start":{"line":21,"column":0},"end":{"line":21,"column":3}},"21":{"start":{"line":22,"column":0},"end":{"line":22,"column":21}},"22":{"start":{"line":23,"column":0},"end":{"line":23,"column":27}},"23":{"start":{"line":24,"column":0},"end":{"line":24,"column":29}},"24":{"start":{"line":25,"column":0},"end":{"line":25,"column":17}},"25":{"start":{"line":26,"column":0},"end":{"line":26,"column":4}},"26":{"start":{"line":27,"column":0},"end":{"line":27,"column":3}},"27":{"start":{"line":28,"column":0},"end":{"line":28,"column":21}},"28":{"start":{"line":29,"column":0},"end":{"line":29,"column":32}},"29":{"start":{"line":30,"column":0},"end":{"line":30,"column":26}},"30":{"start":{"line":31,"column":0},"end":{"line":31,"column":18}},"31":{"start":{"line":32,"column":0},"end":{"line":32,"column":4}},"32":{"start":{"line":33,"column":0},"end":{"line":33,"column":1}},"34":{"start":{"line":35,"column":0},"end":{"line":35,"column":69}},"36":{"start":{"line":37,"column":0},"end":{"line":37,"column":38}},"37":{"start":{"line":38,"column":0},"end":{"line":38,"column":14}},"38":{"start":{"line":39,"column":0},"end":{"line":39,"column":51}},"39":{"start":{"line":40,"column":0},"end":{"line":40,"column":4}},"42":{"start":{"line":43,"column":0},"end":{"line":43,"column":4}},"43":{"start":{"line":44,"column":0},"end":{"line":44,"column":28}},"44":{"start":{"line":45,"column":0},"end":{"line":45,"column":35}},"45":{"start":{"line":46,"column":0},"end":{"line":46,"column":115}},"46":{"start":{"line":47,"column":0},"end":{"line":47,"column":24}},"47":{"start":{"line":48,"column":0},"end":{"line":48,"column":32}},"48":{"start":{"line":49,"column":0},"end":{"line":49,"column":3}},"49":{"start":{"line":50,"column":0},"end":{"line":50,"column":18}},"50":{"start":{"line":51,"column":0},"end":{"line":51,"column":51}},"51":{"start":{"line":52,"column":0},"end":{"line":52,"column":36}},"52":{"start":{"line":53,"column":0},"end":{"line":53,"column":79}},"53":{"start":{"line":54,"column":0},"end":{"line":54,"column":31}},"54":{"start":{"line":55,"column":0},"end":{"line":55,"column":44}},"55":{"start":{"line":56,"column":0},"end":{"line":56,"column":16}},"56":{"start":{"line":57,"column":0},"end":{"line":57,"column":67}},"57":{"start":{"line":58,"column":0},"end":{"line":58,"column":26}},"58":{"start":{"line":59,"column":0},"end":{"line":59,"column":30}},"59":{"start":{"line":60,"column":0},"end":{"line":60,"column":9}},"60":{"start":{"line":61,"column":0},"end":{"line":61,"column":9}},"61":{"start":{"line":62,"column":0},"end":{"line":62,"column":6}},"62":{"start":{"line":63,"column":0},"end":{"line":63,"column":59}},"64":{"start":{"line":65,"column":0},"end":{"line":65,"column":36}},"65":{"start":{"line":66,"column":0},"end":{"line":66,"column":3}},"67":{"start":{"line":68,"column":0},"end":{"line":68,"column":37}},"68":{"start":{"line":69,"column":0},"end":{"line":69,"column":1}}},"s":{"1":1,"2":1,"3":1,"13":1,"14":1,"15":1,"16":1,"17":1,"18":1,"19":1,"20":1,"21":1,"22":1,"23":1,"24":1,"25":1,"26":1,"27":1,"28":1,"29":1,"30":1,"31":1,"32":1,"34":1,"36":7,"37":7,"38":7,"39":7,"42":7,"43":7,"44":7,"45":7,"46":2,"47":2,"48":2,"49":7,"50":5,"51":5,"52":2,"53":3,"54":5,"55":15,"56":15,"57":15,"58":15,"59":15,"60":5,"61":5,"62":5,"64":4,"65":4,"67":6,"68":6},"branchMap":{"0":{"type":"branch","line":35,"loc":{"start":{"line":35,"column":57},"end":{"line":35,"column":68}},"locations":[{"start":{"line":35,"column":57},"end":{"line":35,"column":68}}]},"1":{"type":"branch","line":37,"loc":{"start":{"line":37,"column":0},"end":{"line":69,"column":1}},"locations":[{"start":{"line":37,"column":0},"end":{"line":69,"column":1}}]},"2":{"type":"branch","line":46,"loc":{"start":{"line":46,"column":6},"end":{"line":46,"column":114}},"locations":[{"start":{"line":46,"column":6},"end":{"line":46,"column":114}}]},"3":{"type":"branch","line":46,"loc":{"start":{"line":46,"column":65},"end":{"line":46,"column":114}},"locations":[{"start":{"line":46,"column":65},"end":{"line":46,"column":114}}]},"4":{"type":"branch","line":46,"loc":{"start":{"line":46,"column":114},"end":{"line":49,"column":3}},"locations":[{"start":{"line":46,"column":114},"end":{"line":49,"column":3}}]},"5":{"type":"branch","line":50,"loc":{"start":{"line":50,"column":17},"end":{"line":66,"column":3}},"locations":[{"start":{"line":50,"column":17},"end":{"line":66,"column":3}}]},"6":{"type":"branch","line":52,"loc":{"start":{"line":52,"column":15},"end":{"line":53,"column":79}},"locations":[{"start":{"line":52,"column":15},"end":{"line":53,"column":79}}]},"7":{"type":"branch","line":53,"loc":{"start":{"line":53,"column":25},"end":{"line":54,"column":31}},"locations":[{"start":{"line":53,"column":25},"end":{"line":54,"column":31}}]},"8":{"type":"branch","line":63,"loc":{"start":{"line":63,"column":44},"end":{"line":63,"column":59}},"locations":[{"start":{"line":63,"column":44},"end":{"line":63,"column":59}}]},"9":{"type":"branch","line":63,"loc":{"start":{"line":63,"column":58},"end":{"line":66,"column":3}},"locations":[{"start":{"line":63,"column":58},"end":{"line":66,"column":3}}]},"10":{"type":"branch","line":66,"loc":{"start":{"line":66,"column":2},"end":{"line":69,"column":1}},"locations":[{"start":{"line":66,"column":2},"end":{"line":69,"column":1}}]},"11":{"type":"branch","line":46,"loc":{"start":{"line":46,"column":38},"end":{"line":46,"column":65}},"locations":[{"start":{"line":46,"column":38},"end":{"line":46,"column":65}}]},"12":{"type":"branch","line":55,"loc":{"start":{"line":55,"column":29},"end":{"line":61,"column":7}},"locations":[{"start":{"line":55,"column":29},"end":{"line":61,"column":7}}]},"13":{"type":"branch","line":57,"loc":{"start":{"line":57,"column":41},"end":{"line":57,"column":65}},"locations":[{"start":{"line":57,"column":41},"end":{"line":57,"column":65}}]}},"b":{"0":[3],"1":[7],"2":[4],"3":[3],"4":[2],"5":[5],"6":[2],"7":[3],"8":[1],"9":[4],"10":[6],"11":[8],"12":[15],"13":[0]},"fnMap":{"0":{"name":"promptTemplate","decl":{"start":{"line":37,"column":0},"end":{"line":69,"column":1}},"loc":{"start":{"line":37,"column":0},"end":{"line":69,"column":1}},"line":37}},"f":{"0":7}}
,"/Users/andreuhuguet/Documents/create-openfort/packages/create-openfort/src/cli/utils.ts": {"path":"/Users/andreuhuguet/Documents/create-openfort/packages/create-openfort/src/cli/utils.ts","all":false,"statementMap":{"0":{"start":{"line":1,"column":0},"end":{"line":1,"column":36}},"2":{"start":{"line":3,"column":0},"end":{"line":3,"column":85}},"4":{"start":{"line":5,"column":0},"end":{"line":5,"column":31}},"5":{"start":{"line":6,"column":0},"end":{"line":6,"column":56}},"6":{"start":{"line":7,"column":0},"end":{"line":7,"column":31}},"7":{"start":{"line":8,"column":0},"end":{"line":8,"column":1}},"14":{"start":{"line":15,"column":0},"end":{"line":15,"column":57}},"15":{"start":{"line":16,"column":0},"end":{"line":16,"column":53}},"16":{"start":{"line":17,"column":0},"end":{"line":17,"column":34}},"17":{"start":{"line":18,"column":0},"end":{"line":18,"column":41}},"18":{"start":{"line":19,"column":0},"end":{"line":19,"column":39}},"19":{"start":{"line":20,"column":0},"end":{"line":20,"column":10}},"20":{"start":{"line":21,"column":0},"end":{"line":21,"column":24}},"21":{"start":{"line":22,"column":0},"end":{"line":22,"column":27}},"22":{"start":{"line":23,"column":0},"end":{"line":23,"column":3}},"23":{"start":{"line":24,"column":0},"end":{"line":24,"column":1}},"26":{"start":{"line":27,"column":0},"end":{"line":27,"column":80}},"27":{"start":{"line":28,"column":0},"end":{"line":28,"column":51}},"28":{"start":{"line":29,"column":0},"end":{"line":29,"column":76}},"30":{"start":{"line":31,"column":0},"end":{"line":31,"column":10}},"31":{"start":{"line":32,"column":0},"end":{"line":32,"column":17}},"32":{"start":{"line":33,"column":0},"end":{"line":33,"column":46}},"35":{"start":{"line":36,"column":0},"end":{"line":36,"column":35}},"36":{"start":{"line":37,"column":0},"end":{"line":37,"column":32}},"37":{"start":{"line":38,"column":0},"end":{"line":38,"column":9}},"39":{"start":{"line":40,"column":0},"end":{"line":40,"column":36}},"40":{"start":{"line":41,"column":0},"end":{"line":41,"column":31}},"41":{"start":{"line":42,"column":0},"end":{"line":42,"column":9}},"43":{"start":{"line":44,"column":0},"end":{"line":44,"column":57}},"44":{"start":{"line":45,"column":0},"end":{"line":45,"column":38}},"45":{"start":{"line":46,"column":0},"end":{"line":46,"column":35}},"46":{"start":{"line":47,"column":0},"end":{"line":47,"column":8}},"48":{"start":{"line":49,"column":0},"end":{"line":49,"column":59}},"49":{"start":{"line":50,"column":0},"end":{"line":50,"column":35}},"51":{"start":{"line":52,"column":0},"end":{"line":52,"column":36}},"52":{"start":{"line":53,"column":0},"end":{"line":53,"column":27}},"53":{"start":{"line":54,"column":0},"end":{"line":54,"column":9}},"54":{"start":{"line":55,"column":0},"end":{"line":55,"column":48}},"55":{"start":{"line":56,"column":0},"end":{"line":56,"column":27}},"56":{"start":{"line":57,"column":0},"end":{"line":57,"column":9}},"57":{"start":{"line":58,"column":0},"end":{"line":58,"column":35}},"58":{"start":{"line":59,"column":0},"end":{"line":59,"column":24}},"59":{"start":{"line":60,"column":0},"end":{"line":60,"column":9}},"62":{"start":{"line":63,"column":0},"end":{"line":63,"column":25}},"63":{"start":{"line":64,"column":0},"end":{"line":64,"column":8}},"65":{"start":{"line":66,"column":0},"end":{"line":66,"column":1}}},"s":{"0":1,"2":1,"4":0,"5":0,"6":0,"7":0,"14":1,"15":41,"16":41,"17":39,"18":39,"19":39,"20":39,"21":39,"22":39,"23":39,"26":1,"27":10,"28":10,"30":10,"31":10,"32":10,"35":7,"36":1,"37":1,"39":7,"40":1,"41":1,"43":5,"44":2,"45":3,"46":10,"48":10,"49":10,"51":3,"52":1,"53":1,"54":3,"55":1,"56":1,"57":1,"58":1,"59":1,"62":0,"63":10,"65":10},"branchMap":{"0":{"type":"branch","line":3,"loc":{"start":{"line":3,"column":22},"end":{"line":3,"column":85}},"locations":[{"start":{"line":3,"column":22},"end":{"line":3,"column":85}}]},"1":{"type":"branch","line":15,"loc":{"start":{"line":15,"column":7},"end":{"line":24,"column":1}},"locations":[{"start":{"line":15,"column":7},"end":{"line":24,"column":1}}]},"2":{"type":"branch","line":17,"loc":{"start":{"line":17,"column":18},"end":{"line":17,"column":34}},"locations":[{"start":{"line":17,"column":18},"end":{"line":17,"column":34}}]},"3":{"type":"branch","line":17,"loc":{"start":{"line":17,"column":25},"end":{"line":24,"column":1}},"locations":[{"start":{"line":17,"column":25},"end":{"line":24,"column":1}}]},"4":{"type":"branch","line":27,"loc":{"start":{"line":27,"column":7},"end":{"line":66,"column":1}},"locations":[{"start":{"line":27,"column":7},"end":{"line":66,"column":1}}]},"5":{"type":"branch","line":28,"loc":{"start":{"line":28,"column":21},"end":{"line":28,"column":46}},"locations":[{"start":{"line":28,"column":21},"end":{"line":28,"column":46}}]},"6":{"type":"branch","line":28,"loc":{"start":{"line":28,"column":39},"end":{"line":28,"column":51}},"locations":[{"start":{"line":28,"column":39},"end":{"line":28,"column":51}}]},"7":{"type":"branch","line":29,"loc":{"start":{"line":29,"column":33},"end":{"line":29,"column":76}},"locations":[{"start":{"line":29,"column":33},"end":{"line":29,"column":76}}]},"8":{"type":"branch","line":33,"loc":{"start":{"line":33,"column":39},"end":{"line":47,"column":7}},"locations":[{"start":{"line":33,"column":39},"end":{"line":47,"column":7}}]},"9":{"type":"branch","line":36,"loc":{"start":{"line":36,"column":34},"end":{"line":38,"column":9}},"locations":[{"start":{"line":36,"column":34},"end":{"line":38,"column":9}}]},"10":{"type":"branch","line":38,"loc":{"start":{"line":38,"column":8},"end":{"line":40,"column":35}},"locations":[{"start":{"line":38,"column":8},"end":{"line":40,"column":35}}]},"11":{"type":"branch","line":40,"loc":{"start":{"line":40,"column":35},"end":{"line":42,"column":9}},"locations":[{"start":{"line":40,"column":35},"end":{"line":42,"column":9}}]},"12":{"type":"branch","line":42,"loc":{"start":{"line":42,"column":8},"end":{"line":44,"column":57}},"locations":[{"start":{"line":42,"column":8},"end":{"line":44,"column":57}}]},"13":{"type":"branch","line":44,"loc":{"start":{"line":44,"column":56},"end":{"line":45,"column":38}},"locations":[{"start":{"line":44,"column":56},"end":{"line":45,"column":38}}]},"14":{"type":"branch","line":45,"loc":{"start":{"line":45,"column":25},"end":{"line":46,"column":35}},"locations":[{"start":{"line":45,"column":25},"end":{"line":46,"column":35}}]},"15":{"type":"branch","line":49,"loc":{"start":{"line":49,"column":26},"end":{"line":49,"column":58}},"locations":[{"start":{"line":49,"column":26},"end":{"line":49,"column":58}}]},"16":{"type":"branch","line":49,"loc":{"start":{"line":49,"column":33},"end":{"line":49,"column":48}},"locations":[{"start":{"line":49,"column":33},"end":{"line":49,"column":48}}]},"17":{"type":"branch","line":49,"loc":{"start":{"line":49,"column":43},"end":{"line":49,"column":58}},"locations":[{"start":{"line":49,"column":43},"end":{"line":49,"column":58}}]},"18":{"type":"branch","line":50,"loc":{"start":{"line":50,"column":28},"end":{"line":64,"column":7}},"locations":[{"start":{"line":50,"column":28},"end":{"line":64,"column":7}}]},"19":{"type":"branch","line":52,"loc":{"start":{"line":52,"column":35},"end":{"line":54,"column":9}},"locations":[{"start":{"line":52,"column":35},"end":{"line":54,"column":9}}]},"20":{"type":"branch","line":54,"loc":{"start":{"line":54,"column":8},"end":{"line":55,"column":37}},"locations":[{"start":{"line":54,"column":8},"end":{"line":55,"column":37}}]},"21":{"type":"branch","line":55,"loc":{"start":{"line":55,"column":27},"end":{"line":55,"column":47}},"locations":[{"start":{"line":55,"column":27},"end":{"line":55,"column":47}}]},"22":{"type":"branch","line":55,"loc":{"start":{"line":55,"column":47},"end":{"line":60,"column":9}},"locations":[{"start":{"line":55,"column":47},"end":{"line":60,"column":9}}]},"23":{"type":"branch","line":60,"loc":{"start":{"line":60,"column":8},"end":{"line":63,"column":25}},"locations":[{"start":{"line":60,"column":8},"end":{"line":63,"column":25}}]}},"b":{"0":[1],"1":[41],"2":[2],"3":[39],"4":[10],"5":[9],"6":[1],"7":[4],"8":[7],"9":[1],"10":[6],"11":[1],"12":[5],"13":[2],"14":[3],"15":[2],"16":[1],"17":[1],"18":[3],"19":[1],"20":[2],"21":[1],"22":[1],"23":[0]},"fnMap":{"0":{"name":"cancel","decl":{"start":{"line":3,"column":22},"end":{"line":3,"column":85}},"loc":{"start":{"line":3,"column":22},"end":{"line":3,"column":85}},"line":3},"1":{"name":"setup","decl":{"start":{"line":5,"column":0},"end":{"line":8,"column":1}},"loc":{"start":{"line":5,"column":0},"end":{"line":8,"column":1}},"line":5},"2":{"name":"pkgFromUserAgent","decl":{"start":{"line":15,"column":7},"end":{"line":24,"column":1}},"loc":{"start":{"line":15,"column":7},"end":{"line":24,"column":1}},"line":15},"3":{"name":"getFullCustomCommand","decl":{"start":{"line":27,"column":7},"end":{"line":66,"column":1}},"loc":{"start":{"line":27,"column":7},"end":{"line":66,"column":1}},"line":27}},"f":{"0":1,"1":0,"2":41,"3":10}}
,"/Users/andreuhuguet/Documents/create-openfort/packages/create-openfort/src/cli/verboseLevel.ts": {"path":"/Users/andreuhuguet/Documents/create-openfort/packages/create-openfort/src/cli/verboseLevel.ts","all":false,"statementMap":{"0":{"start":{"line":1,"column":0},"end":{"line":1,"column":29}},"1":{"start":{"line":2,"column":0},"end":{"line":2,"column":34}},"3":{"start":{"line":4,"column":0},"end":{"line":4,"column":67}},"4":{"start":{"line":5,"column":0},"end":{"line":5,"column":31}},"5":{"start":{"line":6,"column":0},"end":{"line":6,"column":25}},"6":{"start":{"line":7,"column":0},"end":{"line":7,"column":1}}},"s":{"0":1,"1":1,"3":1,"4":0,"5":0,"6":0},"branchMap":{},"b":{},"fnMap":{"0":{"name":"setVerboseLevel","decl":{"start":{"line":4,"column":7},"end":{"line":7,"column":1}},"loc":{"start":{"line":4,"column":7},"end":{"line":7,"column":1}},"line":4}},"f":{"0":0}}
}
